<?xml version="1.0" encoding="UTF-8"?>
<testsuite name="com.app.server.service.organization.contactmanagement.CommunicationTypeTestCase" tests="5" skipped="0" failures="0" errors="0" timestamp="2016-06-22T05:12:23" hostname="2e2c6e5d822f" time="0.087">
  <properties/>
  <testcase name="test1Save" classname="com.app.server.service.organization.contactmanagement.CommunicationTypeTestCase" time="0.036"/>
  <testcase name="test2Update" classname="com.app.server.service.organization.contactmanagement.CommunicationTypeTestCase" time="0.016"/>
  <testcase name="test3FindById" classname="com.app.server.service.organization.contactmanagement.CommunicationTypeTestCase" time="0.007"/>
  <testcase name="test5NegativeTesting" classname="com.app.server.service.organization.contactmanagement.CommunicationTypeTestCase" time="0.009"/>
  <testcase name="test6Delete" classname="com.app.server.service.organization.contactmanagement.CommunicationTypeTestCase" time="0.017"/>
  <system-out><![CDATA[Wed Jun 22 05:12:23 UTC 2016|Log Manager Factory|Initialization Process started.....
Wed Jun 22 05:12:23 UTC 2016|Log Manager|Initialized with Path = [/home/applifire/workspace/appone/src/main/webapp/WEB-INF/conf]
Wed Jun 22 05:12:23 UTC 2016|Alarm Manager|Initialized with Path = [/home/applifire/workspace/appone/src/main/webapp/WEB-INF/conf]
Wed Jun 22 05:12:23 UTC 2016|Alarm Manager|Loading Alarms ......
Wed Jun 22 05:12:23 UTC 2016|Alarm XML Parser|FWA|XML Parsing Complete........ 
Wed Jun 22 05:12:23 UTC 2016|Alarm File Manager|FWA|Alarm File Status.. [ApplicationFrameworkAlarms.xml]|Version=15|Status=Done 
Wed Jun 22 05:12:23 UTC 2016|Alarm File Manager|FWA|Alarm Stats = ( BC/AL=4/676 SYS=4/10 [676/0]  TPL=0/0 [0/0]  APP= A.Map=[759]  E.Map EC/RC=[322/67] )
Wed Jun 22 05:12:23 UTC 2016|Alarm XML Parser|APP|XML Parsing Complete........ 
Wed Jun 22 05:12:23 UTC 2016|Alarm File Manager|APP|Alarm File Status.. [ApplicationAlarms.xml]|Version=1|Status=Done 
Wed Jun 22 05:12:23 UTC 2016|Alarm File Manager|APP|Alarm Stats = ( BC/AL=4/676 SYS=4/10 [676/0]  TPL=0/0 [0/0]  APP=0/0 [0/0]  A.Map=[759]  E.Map EC/RC=[322/67] )
Wed Jun 22 05:12:23 UTC 2016|ApplicationAlarmContext| <><><><><> Create App Alarms ....  <><><><><> 
Wed Jun 22 05:12:23 UTC 2016|ApplicationAlarmContext|Alarms are generated ONLY in Development Mode.. 
Wed Jun 22 05:12:23 UTC 2016|Alarm Manager|APP|Alarm Stats = ( BC/AL=4/676 SYS=4/10 [676/0]  TPL=0/0 [0/0]  APP=0/0 [0/0]  A.Map=[759]  E.Map EC/RC=[322/67] )
Wed Jun 22 05:12:23 UTC 2016|Alarm Manager|Initialized Exception Lookup...
Wed Jun 22 05:12:23 UTC 2016|Log Manager|Initialize Log Config File ......
Wed Jun 22 05:12:23 UTC 2016|Pluggable Connectors|Adding Connectors : StandardOutputConnector isEnabled=true isDefault=false isFallBack=true
Wed Jun 22 05:12:23 UTC 2016|Pluggable Connectors|Adding Connectors : StandardFileConnector isEnabled=true isDefault=false isFallBack=false
Wed Jun 22 05:12:23 UTC 2016|Pluggable Connectors|Adding Connectors : Sprinkler isEnabled=true isDefault=true isFallBack=false
Wed Jun 22 05:12:23 UTC 2016|Pluggable Connectors|Default Connector Name : com.spartan.logger.core.LogMessenger
Wed Jun 22 05:12:23 UTC 2016|Log Config Parser|Connector Least Log Level =[4]  FallBack Log Level =[3]
Wed Jun 22 05:12:23 UTC 2016|Log Manager|Loading Default Connector for Logging ......
Wed Jun 22 05:12:23 UTC 2016|Log Manager|Loading class .. com.spartan.logger.core.LogMessenger
Wed Jun 22 05:12:23 UTC 2016|Plugggable Connector|Connector class com.spartan.logger.core.LogMessenger Initialized... @ Log Level = 3
Wed Jun 22 05:12:23 UTC 2016|Log Manager|Starting the Default Connector [com.spartan.logger.core.LogMessenger@60760ab8] ....
Wed Jun 22 05:12:23 UTC 2016|Scheduler|Starting the Scheduler ......
Wed Jun 22 05:12:23 UTC 2016|Scheduler|Adding [LMID=[56823251-f411-4b6e-a94c-7c7f9db80ee7]] Delay=5 Time Unit=MINUTES
Wed Jun 22 05:12:23 UTC 2016|Scheduler|Adding [App Alarm Manager File=[ApplicationAlarms.xml]] Delay=30 Time Unit=MINUTES
Wed Jun 22 05:12:23 UTC 2016|Scheduler|Adding [FW Alarm Manager File=[ApplicationFrameworkAlarms.xml]] Delay=3 Time Unit=MINUTES
Wed Jun 22 05:12:23 UTC 2016|Scheduler|Startup Completed..
Wed Jun 22 05:12:23 UTC 2016|Log Manager|Initialization Process Complete ......
Wed Jun 22 05:12:23 UTC 2016|Log Manager Factory|Log Manager READY! ID = 56823251-f411-4b6e-a94c-7c7f9db80ee7
[EL Finer]: connection: 2016-06-22 05:12:23.962--ServerSession(513126071)--Thread(Thread[Test worker,5,main])--client acquired: 1773264163
[EL Finer]: transaction: 2016-06-22 05:12:23.962--ClientSession(1773264163)--Thread(Thread[Test worker,5,main])--acquire unit of work: 472734475
[EL Finest]: connection: 2016-06-22 05:12:23.962--ServerSession(513126071)--Connection(1706311072)--Thread(Thread[Test worker,5,main])--Connection acquired from connection pool [default].
[EL Finer]: transaction: 2016-06-22 05:12:23.962--ClientSession(1773264163)--Connection(1706311072)--Thread(Thread[Test worker,5,main])--begin transaction
[EL Finest]: connection: 2016-06-22 05:12:23.962--ClientSession(1773264163)--Thread(Thread[Test worker,5,main])--reconnecting to external connection pool
[EL Finest]: transaction: 2016-06-22 05:12:23.964--UnitOfWork(472734475)--Thread(Thread[Test worker,5,main])--persist() operation called on: 3NrDQbPy1Ald3n7WgNcbkcUHn8NTDoOPPyBVYXl7E0N5bXUaF5.
[EL Finest]: sequencing: 2016-06-22 05:12:23.964--UnitOfWork(472734475)--Thread(Thread[Test worker,5,main])--assign sequence to the object (371D2817-7A8C-4905-9DA9-CD9A604D6198 -> 3NrDQbPy1Ald3n7WgNcbkcUHn8NTDoOPPyBVYXl7E0N5bXUaF5)
[EL Finer]: transaction: 2016-06-22 05:12:23.964--UnitOfWork(472734475)--Thread(Thread[Test worker,5,main])--begin unit of work commit
[EL Finest]: query: 2016-06-22 05:12:23.965--UnitOfWork(472734475)--Thread(Thread[Test worker,5,main])--Execute query InsertObjectQuery(3NrDQbPy1Ald3n7WgNcbkcUHn8NTDoOPPyBVYXl7E0N5bXUaF5)
[EL Fine]: sql: 2016-06-22 05:12:23.965--ClientSession(1773264163)--Connection(566029509)--Thread(Thread[Test worker,5,main])--INSERT INTO ast_CommunicationGroup_M (commGroupId, commGroupDescription, commGroupName, versionId, createdBy, createdDate, updatedBy, updatedDate, activeStatus, txnAccessCode) VALUES (?, ?, ?, ?, ?, ?, ?, ?, ?, ?)
	bind => [371D2817-7A8C-4905-9DA9-CD9A604D6198, sYdF3wlUntpW2jMcnDeVxkhY2NtHzx16C1kwBTbnNCFkcN2Gba, 3NrDQbPy1Ald3n7WgNcbkcUHn8NTDoOPPyBVYXl7E0N5bXUaF5, 1, AAAAA, 2016-06-22 05:12:23.962, AAAAA, 2016-06-22 05:12:23.962, 1, 51000]
[EL Finer]: transaction: 2016-06-22 05:12:23.966--ClientSession(1773264163)--Connection(566029509)--Thread(Thread[Test worker,5,main])--commit transaction
[EL Finest]: connection: 2016-06-22 05:12:23.968--ServerSession(513126071)--Connection(1706311072)--Thread(Thread[Test worker,5,main])--Connection released to connection pool [default].
[EL Finer]: transaction: 2016-06-22 05:12:23.968--UnitOfWork(472734475)--Thread(Thread[Test worker,5,main])--end unit of work commit
[EL Finer]: transaction: 2016-06-22 05:12:23.968--UnitOfWork(472734475)--Thread(Thread[Test worker,5,main])--resume unit of work
[EL Finer]: transaction: 2016-06-22 05:12:23.968--UnitOfWork(472734475)--Thread(Thread[Test worker,5,main])--release unit of work
[EL Finer]: connection: 2016-06-22 05:12:23.968--ClientSession(1773264163)--Thread(Thread[Test worker,5,main])--client released
Setting logged in user info for ADD
[EL Finer]: connection: 2016-06-22 05:12:23.97--ServerSession(513126071)--Thread(Thread[Test worker,5,main])--client acquired: 2051222161
[EL Finer]: transaction: 2016-06-22 05:12:23.97--ClientSession(2051222161)--Thread(Thread[Test worker,5,main])--acquire unit of work: 1335874636
[EL Finest]: connection: 2016-06-22 05:12:23.97--ServerSession(513126071)--Connection(103477867)--Thread(Thread[Test worker,5,main])--Connection acquired from connection pool [default].
[EL Finer]: transaction: 2016-06-22 05:12:23.97--ClientSession(2051222161)--Connection(103477867)--Thread(Thread[Test worker,5,main])--begin transaction
[EL Finest]: connection: 2016-06-22 05:12:23.97--ClientSession(2051222161)--Thread(Thread[Test worker,5,main])--reconnecting to external connection pool
[EL Finest]: transaction: 2016-06-22 05:12:23.971--UnitOfWork(1335874636)--Thread(Thread[Test worker,5,main])--persist() operation called on: bMAG32dzRXxVjUoNwYhRm3PKKAGR8IuDJXkHOeJVTyqS98gkT3,371D2817-7A8C-4905-9DA9-CD9A604D6198.
[EL Finest]: sequencing: 2016-06-22 05:12:23.971--UnitOfWork(1335874636)--Thread(Thread[Test worker,5,main])--assign sequence to the object (6583F4BB-9448-474C-A62E-C9E0A7A32282 -> bMAG32dzRXxVjUoNwYhRm3PKKAGR8IuDJXkHOeJVTyqS98gkT3,371D2817-7A8C-4905-9DA9-CD9A604D6198)
[EL Finer]: transaction: 2016-06-22 05:12:23.971--UnitOfWork(1335874636)--Thread(Thread[Test worker,5,main])--begin unit of work commit
[EL Finest]: query: 2016-06-22 05:12:23.971--UnitOfWork(1335874636)--Thread(Thread[Test worker,5,main])--Execute query InsertObjectQuery(bMAG32dzRXxVjUoNwYhRm3PKKAGR8IuDJXkHOeJVTyqS98gkT3,371D2817-7A8C-4905-9DA9-CD9A604D6198)
[EL Fine]: sql: 2016-06-22 05:12:23.972--ClientSession(2051222161)--Connection(719179111)--Thread(Thread[Test worker,5,main])--INSERT INTO ast_CommunicationType_M (commType, commGroupId, commTypeDescription, commTypeName, versionId, createdBy, createdDate, updatedBy, updatedDate, activeStatus, txnAccessCode) VALUES (?, ?, ?, ?, ?, ?, ?, ?, ?, ?, ?)
	bind => [6583F4BB-9448-474C-A62E-C9E0A7A32282, 371D2817-7A8C-4905-9DA9-CD9A604D6198, TDO6wnCxMW0rw1j4T8VQNvjhy0FejSdvFQKbUAKRpy6hkth7CJ, bMAG32dzRXxVjUoNwYhRm3PKKAGR8IuDJXkHOeJVTyqS98gkT3, 1, AAAAA, 2016-06-22 05:12:23.969, AAAAA, 2016-06-22 05:12:23.969, 1, 51000]
[EL Finer]: transaction: 2016-06-22 05:12:23.973--ClientSession(2051222161)--Connection(719179111)--Thread(Thread[Test worker,5,main])--commit transaction
[EL Finest]: connection: 2016-06-22 05:12:23.975--ServerSession(513126071)--Connection(103477867)--Thread(Thread[Test worker,5,main])--Connection released to connection pool [default].
[EL Finer]: transaction: 2016-06-22 05:12:23.975--UnitOfWork(1335874636)--Thread(Thread[Test worker,5,main])--end unit of work commit
[EL Finer]: transaction: 2016-06-22 05:12:23.975--UnitOfWork(1335874636)--Thread(Thread[Test worker,5,main])--resume unit of work
[EL Finer]: transaction: 2016-06-22 05:12:23.975--UnitOfWork(1335874636)--Thread(Thread[Test worker,5,main])--release unit of work
[EL Finer]: connection: 2016-06-22 05:12:23.975--ClientSession(2051222161)--Thread(Thread[Test worker,5,main])--client released
[EL Finer]: connection: 2016-06-22 05:12:23.981--ServerSession(513126071)--Thread(Thread[Test worker,5,main])--client acquired: 1216816477
[EL Finer]: transaction: 2016-06-22 05:12:23.981--ClientSession(1216816477)--Thread(Thread[Test worker,5,main])--acquire unit of work: 547758558
[EL Finest]: connection: 2016-06-22 05:12:23.981--ServerSession(513126071)--Connection(2063173264)--Thread(Thread[Test worker,5,main])--Connection acquired from connection pool [default].
[EL Finer]: transaction: 2016-06-22 05:12:23.981--ClientSession(1216816477)--Connection(2063173264)--Thread(Thread[Test worker,5,main])--begin transaction
[EL Finest]: connection: 2016-06-22 05:12:23.981--ClientSession(1216816477)--Thread(Thread[Test worker,5,main])--reconnecting to external connection pool
[EL Finer]: transaction: 2016-06-22 05:12:23.982--UnitOfWork(547758558)--Thread(Thread[Test worker,5,main])--begin unit of work flush
[EL Finer]: transaction: 2016-06-22 05:12:23.982--UnitOfWork(547758558)--Thread(Thread[Test worker,5,main])--end unit of work flush
[EL Finest]: query: 2016-06-22 05:12:23.982--UnitOfWork(547758558)--Thread(Thread[Test worker,5,main])--Execute query ReadAllQuery(name="CommunicationType.findById" referenceClass=CommunicationType sql="SELECT commType, commGroupId, commTypeDescription, commTypeName, versionId, createdBy, createdDate, updatedBy, updatedDate, activeStatus, txnAccessCode FROM ast_CommunicationType_M WHERE ((activeStatus = ?) AND (commType = ?))")
[EL Fine]: sql: 2016-06-22 05:12:23.982--ClientSession(1216816477)--Connection(1577284323)--Thread(Thread[Test worker,5,main])--SELECT commType, commGroupId, commTypeDescription, commTypeName, versionId, createdBy, createdDate, updatedBy, updatedDate, activeStatus, txnAccessCode FROM ast_CommunicationType_M WHERE ((activeStatus = ?) AND (commType = ?))
	bind => [1, 6583F4BB-9448-474C-A62E-C9E0A7A32282]
[EL Finer]: transaction: 2016-06-22 05:12:23.984--UnitOfWork(547758558)--Thread(Thread[Test worker,5,main])--begin unit of work commit
[EL Finer]: transaction: 2016-06-22 05:12:23.984--ClientSession(1216816477)--Connection(1577284323)--Thread(Thread[Test worker,5,main])--commit transaction
[EL Finest]: connection: 2016-06-22 05:12:23.984--ServerSession(513126071)--Connection(2063173264)--Thread(Thread[Test worker,5,main])--Connection released to connection pool [default].
[EL Finer]: transaction: 2016-06-22 05:12:23.984--UnitOfWork(547758558)--Thread(Thread[Test worker,5,main])--end unit of work commit
[EL Finer]: transaction: 2016-06-22 05:12:23.984--UnitOfWork(547758558)--Thread(Thread[Test worker,5,main])--resume unit of work
[EL Finer]: transaction: 2016-06-22 05:12:23.984--UnitOfWork(547758558)--Thread(Thread[Test worker,5,main])--release unit of work
[EL Finer]: connection: 2016-06-22 05:12:23.984--ClientSession(1216816477)--Thread(Thread[Test worker,5,main])--client released
Setting logged in user info for UPDATE
[EL Finer]: connection: 2016-06-22 05:12:23.985--ServerSession(513126071)--Thread(Thread[Test worker,5,main])--client acquired: 1260439210
[EL Finer]: transaction: 2016-06-22 05:12:23.985--ClientSession(1260439210)--Thread(Thread[Test worker,5,main])--acquire unit of work: 1423108462
[EL Finest]: connection: 2016-06-22 05:12:23.985--ServerSession(513126071)--Connection(1658544195)--Thread(Thread[Test worker,5,main])--Connection acquired from connection pool [default].
[EL Finer]: transaction: 2016-06-22 05:12:23.985--ClientSession(1260439210)--Connection(1658544195)--Thread(Thread[Test worker,5,main])--begin transaction
[EL Finest]: connection: 2016-06-22 05:12:23.985--ClientSession(1260439210)--Thread(Thread[Test worker,5,main])--reconnecting to external connection pool
[EL Finest]: transaction: 2016-06-22 05:12:23.987--UnitOfWork(1423108462)--Thread(Thread[Test worker,5,main])--Merge clone with references XTeeiuHIVp54UV9gVInmYHvXgMNC2QaxJ7dDw4nIQoW1WV9922,371D2817-7A8C-4905-9DA9-CD9A604D6198
[EL Finest]: query: 2016-06-22 05:12:23.987--UnitOfWork(1423108462)--Thread(Thread[Test worker,5,main])--Execute query ReadObjectQuery(referenceClass=CommunicationType )
[EL Fine]: sql: 2016-06-22 05:12:23.987--ClientSession(1260439210)--Connection(915638951)--Thread(Thread[Test worker,5,main])--SELECT commType, commGroupId, commTypeDescription, commTypeName, versionId, createdBy, createdDate, updatedBy, updatedDate, activeStatus, txnAccessCode FROM ast_CommunicationType_M WHERE (commType = ?)
	bind => [6583F4BB-9448-474C-A62E-C9E0A7A32282]
[EL Finer]: transaction: 2016-06-22 05:12:23.988--UnitOfWork(1423108462)--Thread(Thread[Test worker,5,main])--begin unit of work commit
[EL Finest]: query: 2016-06-22 05:12:23.989--UnitOfWork(1423108462)--Thread(Thread[Test worker,5,main])--Execute query UpdateObjectQuery(XTeeiuHIVp54UV9gVInmYHvXgMNC2QaxJ7dDw4nIQoW1WV9922,371D2817-7A8C-4905-9DA9-CD9A604D6198)
[EL Fine]: sql: 2016-06-22 05:12:23.989--ClientSession(1260439210)--Connection(915638951)--Thread(Thread[Test worker,5,main])--UPDATE ast_CommunicationType_M SET commTypeDescription = ?, commTypeName = ?, versionId = ? WHERE ((commType = ?) AND (versionId = ?))
	bind => [IcAiOv8d5FjRmR8QpVk578bswewmG43eEo1xIKWjpf3VJ8fxfu, XTeeiuHIVp54UV9gVInmYHvXgMNC2QaxJ7dDw4nIQoW1WV9922, 2, 6583F4BB-9448-474C-A62E-C9E0A7A32282, 1]
[EL Finer]: transaction: 2016-06-22 05:12:23.99--ClientSession(1260439210)--Connection(915638951)--Thread(Thread[Test worker,5,main])--commit transaction
[EL Finest]: connection: 2016-06-22 05:12:23.992--ServerSession(513126071)--Connection(1658544195)--Thread(Thread[Test worker,5,main])--Connection released to connection pool [default].
[EL Finer]: transaction: 2016-06-22 05:12:23.992--UnitOfWork(1423108462)--Thread(Thread[Test worker,5,main])--end unit of work commit
[EL Finer]: transaction: 2016-06-22 05:12:23.992--UnitOfWork(1423108462)--Thread(Thread[Test worker,5,main])--resume unit of work
[EL Finer]: transaction: 2016-06-22 05:12:23.992--UnitOfWork(1423108462)--Thread(Thread[Test worker,5,main])--release unit of work
[EL Finer]: connection: 2016-06-22 05:12:23.992--ClientSession(1260439210)--Thread(Thread[Test worker,5,main])--client released
[EL Finer]: connection: 2016-06-22 05:12:23.997--ServerSession(513126071)--Thread(Thread[Test worker,5,main])--client acquired: 1679831
[EL Finer]: transaction: 2016-06-22 05:12:23.997--ClientSession(1679831)--Thread(Thread[Test worker,5,main])--acquire unit of work: 315632206
[EL Finest]: connection: 2016-06-22 05:12:23.997--ServerSession(513126071)--Connection(545878152)--Thread(Thread[Test worker,5,main])--Connection acquired from connection pool [default].
[EL Finer]: transaction: 2016-06-22 05:12:23.997--ClientSession(1679831)--Connection(545878152)--Thread(Thread[Test worker,5,main])--begin transaction
[EL Finest]: connection: 2016-06-22 05:12:23.997--ClientSession(1679831)--Thread(Thread[Test worker,5,main])--reconnecting to external connection pool
[EL Finer]: transaction: 2016-06-22 05:12:23.998--UnitOfWork(315632206)--Thread(Thread[Test worker,5,main])--begin unit of work flush
[EL Finer]: transaction: 2016-06-22 05:12:23.998--UnitOfWork(315632206)--Thread(Thread[Test worker,5,main])--end unit of work flush
[EL Finest]: query: 2016-06-22 05:12:23.998--UnitOfWork(315632206)--Thread(Thread[Test worker,5,main])--Execute query ReadAllQuery(name="CommunicationType.findById" referenceClass=CommunicationType sql="SELECT commType, commGroupId, commTypeDescription, commTypeName, versionId, createdBy, createdDate, updatedBy, updatedDate, activeStatus, txnAccessCode FROM ast_CommunicationType_M WHERE ((activeStatus = ?) AND (commType = ?))")
[EL Fine]: sql: 2016-06-22 05:12:23.998--ClientSession(1679831)--Connection(1524196060)--Thread(Thread[Test worker,5,main])--SELECT commType, commGroupId, commTypeDescription, commTypeName, versionId, createdBy, createdDate, updatedBy, updatedDate, activeStatus, txnAccessCode FROM ast_CommunicationType_M WHERE ((activeStatus = ?) AND (commType = ?))
	bind => [1, 6583F4BB-9448-474C-A62E-C9E0A7A32282]
[EL Finer]: transaction: 2016-06-22 05:12:24.0--UnitOfWork(315632206)--Thread(Thread[Test worker,5,main])--begin unit of work commit
[EL Finer]: transaction: 2016-06-22 05:12:24.0--ClientSession(1679831)--Connection(1524196060)--Thread(Thread[Test worker,5,main])--commit transaction
[EL Finest]: connection: 2016-06-22 05:12:24.0--ServerSession(513126071)--Connection(545878152)--Thread(Thread[Test worker,5,main])--Connection released to connection pool [default].
[EL Finer]: transaction: 2016-06-22 05:12:24.0--UnitOfWork(315632206)--Thread(Thread[Test worker,5,main])--end unit of work commit
[EL Finer]: transaction: 2016-06-22 05:12:24.0--UnitOfWork(315632206)--Thread(Thread[Test worker,5,main])--resume unit of work
[EL Finer]: transaction: 2016-06-22 05:12:24.0--UnitOfWork(315632206)--Thread(Thread[Test worker,5,main])--release unit of work
[EL Finer]: connection: 2016-06-22 05:12:24.0--ClientSession(1679831)--Thread(Thread[Test worker,5,main])--client released
[EL Finer]: connection: 2016-06-22 05:12:24.015--ServerSession(513126071)--Thread(Thread[Test worker,5,main])--client acquired: 1681536092
[EL Finer]: transaction: 2016-06-22 05:12:24.015--ClientSession(1681536092)--Thread(Thread[Test worker,5,main])--acquire unit of work: 692303724
[EL Finest]: connection: 2016-06-22 05:12:24.015--ServerSession(513126071)--Connection(482289822)--Thread(Thread[Test worker,5,main])--Connection acquired from connection pool [default].
[EL Finer]: transaction: 2016-06-22 05:12:24.015--ClientSession(1681536092)--Connection(482289822)--Thread(Thread[Test worker,5,main])--begin transaction
[EL Finest]: connection: 2016-06-22 05:12:24.015--ClientSession(1681536092)--Thread(Thread[Test worker,5,main])--reconnecting to external connection pool
[EL Finest]: query: 2016-06-22 05:12:24.016--UnitOfWork(692303724)--Thread(Thread[Test worker,5,main])--Execute query ReadObjectQuery(name="readCommunicationType" referenceClass=CommunicationType sql="SELECT commType, commGroupId, commTypeDescription, commTypeName, versionId, createdBy, createdDate, updatedBy, updatedDate, activeStatus, txnAccessCode FROM ast_CommunicationType_M WHERE (commType = ?)")
[EL Fine]: sql: 2016-06-22 05:12:24.016--ClientSession(1681536092)--Connection(923077286)--Thread(Thread[Test worker,5,main])--SELECT commType, commGroupId, commTypeDescription, commTypeName, versionId, createdBy, createdDate, updatedBy, updatedDate, activeStatus, txnAccessCode FROM ast_CommunicationType_M WHERE (commType = ?)
	bind => [6583F4BB-9448-474C-A62E-C9E0A7A32282]
[EL Finest]: transaction: 2016-06-22 05:12:24.017--UnitOfWork(692303724)--Thread(Thread[Test worker,5,main])--remove() operation called on: XTeeiuHIVp54UV9gVInmYHvXgMNC2QaxJ7dDw4nIQoW1WV9922,371D2817-7A8C-4905-9DA9-CD9A604D6198
[EL Finer]: transaction: 2016-06-22 05:12:24.017--UnitOfWork(692303724)--Thread(Thread[Test worker,5,main])--begin unit of work commit
[EL Finest]: query: 2016-06-22 05:12:24.017--UnitOfWork(692303724)--Thread(Thread[Test worker,5,main])--Execute query DoesExistQuery(referenceClass=CommunicationType )
[EL Finest]: query: 2016-06-22 05:12:24.017--UnitOfWork(692303724)--Thread(Thread[Test worker,5,main])--Execute query DeleteObjectQuery(XTeeiuHIVp54UV9gVInmYHvXgMNC2QaxJ7dDw4nIQoW1WV9922,371D2817-7A8C-4905-9DA9-CD9A604D6198)
[EL Fine]: sql: 2016-06-22 05:12:24.018--ClientSession(1681536092)--Connection(923077286)--Thread(Thread[Test worker,5,main])--DELETE FROM ast_CommunicationType_M WHERE ((commType = ?) AND (versionId = ?))
	bind => [6583F4BB-9448-474C-A62E-C9E0A7A32282, 2]
[EL Finer]: transaction: 2016-06-22 05:12:24.018--ClientSession(1681536092)--Connection(923077286)--Thread(Thread[Test worker,5,main])--commit transaction
[EL Finest]: connection: 2016-06-22 05:12:24.021--ServerSession(513126071)--Connection(482289822)--Thread(Thread[Test worker,5,main])--Connection released to connection pool [default].
[EL Finer]: transaction: 2016-06-22 05:12:24.021--UnitOfWork(692303724)--Thread(Thread[Test worker,5,main])--end unit of work commit
[EL Finer]: transaction: 2016-06-22 05:12:24.021--UnitOfWork(692303724)--Thread(Thread[Test worker,5,main])--resume unit of work
[EL Finer]: transaction: 2016-06-22 05:12:24.021--UnitOfWork(692303724)--Thread(Thread[Test worker,5,main])--release unit of work
[EL Finer]: connection: 2016-06-22 05:12:24.021--ClientSession(1681536092)--Thread(Thread[Test worker,5,main])--client released
[EL Finer]: connection: 2016-06-22 05:12:24.021--ServerSession(513126071)--Thread(Thread[Test worker,5,main])--client acquired: 2108877942
[EL Finer]: transaction: 2016-06-22 05:12:24.021--ClientSession(2108877942)--Thread(Thread[Test worker,5,main])--acquire unit of work: 1841461106
[EL Finest]: connection: 2016-06-22 05:12:24.021--ServerSession(513126071)--Connection(2049971625)--Thread(Thread[Test worker,5,main])--Connection acquired from connection pool [default].
[EL Finer]: transaction: 2016-06-22 05:12:24.021--ClientSession(2108877942)--Connection(2049971625)--Thread(Thread[Test worker,5,main])--begin transaction
[EL Finest]: connection: 2016-06-22 05:12:24.022--ClientSession(2108877942)--Thread(Thread[Test worker,5,main])--reconnecting to external connection pool
[EL Finest]: query: 2016-06-22 05:12:24.022--UnitOfWork(1841461106)--Thread(Thread[Test worker,5,main])--Execute query ReadObjectQuery(name="readCommunicationGroup" referenceClass=CommunicationGroup sql="SELECT commGroupId, commGroupDescription, commGroupName, versionId, createdBy, createdDate, updatedBy, updatedDate, activeStatus, txnAccessCode FROM ast_CommunicationGroup_M WHERE (commGroupId = ?)")
[EL Fine]: sql: 2016-06-22 05:12:24.022--ClientSession(2108877942)--Connection(663040374)--Thread(Thread[Test worker,5,main])--SELECT commGroupId, commGroupDescription, commGroupName, versionId, createdBy, createdDate, updatedBy, updatedDate, activeStatus, txnAccessCode FROM ast_CommunicationGroup_M WHERE (commGroupId = ?)
	bind => [371D2817-7A8C-4905-9DA9-CD9A604D6198]
[EL Finest]: transaction: 2016-06-22 05:12:24.023--UnitOfWork(1841461106)--Thread(Thread[Test worker,5,main])--remove() operation called on: 3NrDQbPy1Ald3n7WgNcbkcUHn8NTDoOPPyBVYXl7E0N5bXUaF5
[EL Finer]: transaction: 2016-06-22 05:12:24.023--UnitOfWork(1841461106)--Thread(Thread[Test worker,5,main])--begin unit of work commit
[EL Finest]: query: 2016-06-22 05:12:24.023--UnitOfWork(1841461106)--Thread(Thread[Test worker,5,main])--Execute query DoesExistQuery(referenceClass=CommunicationGroup )
[EL Finest]: query: 2016-06-22 05:12:24.024--UnitOfWork(1841461106)--Thread(Thread[Test worker,5,main])--Execute query DeleteObjectQuery(3NrDQbPy1Ald3n7WgNcbkcUHn8NTDoOPPyBVYXl7E0N5bXUaF5)
[EL Fine]: sql: 2016-06-22 05:12:24.024--ClientSession(2108877942)--Connection(663040374)--Thread(Thread[Test worker,5,main])--DELETE FROM ast_CommunicationGroup_M WHERE ((commGroupId = ?) AND (versionId = ?))
	bind => [371D2817-7A8C-4905-9DA9-CD9A604D6198, 1]
[EL Finer]: transaction: 2016-06-22 05:12:24.024--ClientSession(2108877942)--Connection(663040374)--Thread(Thread[Test worker,5,main])--commit transaction
[EL Finest]: connection: 2016-06-22 05:12:24.027--ServerSession(513126071)--Connection(2049971625)--Thread(Thread[Test worker,5,main])--Connection released to connection pool [default].
[EL Finer]: transaction: 2016-06-22 05:12:24.027--UnitOfWork(1841461106)--Thread(Thread[Test worker,5,main])--end unit of work commit
[EL Finer]: transaction: 2016-06-22 05:12:24.027--UnitOfWork(1841461106)--Thread(Thread[Test worker,5,main])--resume unit of work
[EL Finer]: transaction: 2016-06-22 05:12:24.027--UnitOfWork(1841461106)--Thread(Thread[Test worker,5,main])--release unit of work
[EL Finer]: connection: 2016-06-22 05:12:24.027--ClientSession(2108877942)--Thread(Thread[Test worker,5,main])--client released
]]></system-out>
  <system-err><![CDATA[CommunicationType.commTypeName may not be null
java.lang.SecurityException: CommunicationType.commTypeName may not be null
	at com.athena.server.pluggable.utils.helper.EntityValidatorHelper.validateEntity(EntityValidatorHelper.java:37)
	at com.app.shared.organization.contactmanagement.CommunicationType.isValid(CommunicationType.java:162)
	at com.app.server.service.organization.contactmanagement.CommunicationTypeTestCase.validateCommunicationType(CommunicationTypeTestCase.java:194)
	at com.app.server.service.organization.contactmanagement.CommunicationTypeTestCase.test5NegativeTesting(CommunicationTypeTestCase.java:226)
	at sun.reflect.NativeMethodAccessorImpl.invoke0(Native Method)
	at sun.reflect.NativeMethodAccessorImpl.invoke(NativeMethodAccessorImpl.java:57)
	at sun.reflect.DelegatingMethodAccessorImpl.invoke(DelegatingMethodAccessorImpl.java:43)
	at java.lang.reflect.Method.invoke(Method.java:606)
	at org.junit.runners.model.FrameworkMethod$1.runReflectiveCall(FrameworkMethod.java:47)
	at org.junit.internal.runners.model.ReflectiveCallable.run(ReflectiveCallable.java:12)
	at org.junit.runners.model.FrameworkMethod.invokeExplosively(FrameworkMethod.java:44)
	at org.junit.internal.runners.statements.InvokeMethod.evaluate(InvokeMethod.java:17)
	at org.junit.internal.runners.statements.RunBefores.evaluate(RunBefores.java:26)
	at org.springframework.test.context.junit4.statements.RunBeforeTestMethodCallbacks.evaluate(RunBeforeTestMethodCallbacks.java:74)
	at org.junit.internal.runners.statements.RunAfters.evaluate(RunAfters.java:27)
	at org.springframework.test.context.junit4.statements.RunAfterTestMethodCallbacks.evaluate(RunAfterTestMethodCallbacks.java:83)
	at org.springframework.test.context.junit4.statements.SpringRepeat.evaluate(SpringRepeat.java:72)
	at org.springframework.test.context.junit4.SpringJUnit4ClassRunner.runChild(SpringJUnit4ClassRunner.java:233)
	at org.springframework.test.context.junit4.SpringJUnit4ClassRunner.runChild(SpringJUnit4ClassRunner.java:87)
	at org.junit.runners.ParentRunner$3.run(ParentRunner.java:238)
	at org.junit.runners.ParentRunner$1.schedule(ParentRunner.java:63)
	at org.junit.runners.ParentRunner.runChildren(ParentRunner.java:236)
	at org.junit.runners.ParentRunner.access$000(ParentRunner.java:53)
	at org.junit.runners.ParentRunner$2.evaluate(ParentRunner.java:229)
	at org.junit.internal.runners.statements.RunBefores.evaluate(RunBefores.java:26)
	at org.springframework.test.context.junit4.statements.RunBeforeTestClassCallbacks.evaluate(RunBeforeTestClassCallbacks.java:61)
	at org.springframework.test.context.junit4.statements.RunAfterTestClassCallbacks.evaluate(RunAfterTestClassCallbacks.java:71)
	at org.junit.runners.ParentRunner.run(ParentRunner.java:309)
	at org.springframework.test.context.junit4.SpringJUnit4ClassRunner.run(SpringJUnit4ClassRunner.java:176)
	at org.gradle.api.internal.tasks.testing.junit.JUnitTestClassExecuter.runTestClass(JUnitTestClassExecuter.java:86)
	at org.gradle.api.internal.tasks.testing.junit.JUnitTestClassExecuter.execute(JUnitTestClassExecuter.java:49)
	at org.gradle.api.internal.tasks.testing.junit.JUnitTestClassProcessor.processTestClass(JUnitTestClassProcessor.java:64)
	at org.gradle.api.internal.tasks.testing.SuiteTestClassProcessor.processTestClass(SuiteTestClassProcessor.java:50)
	at sun.reflect.GeneratedMethodAccessor109.invoke(Unknown Source)
	at sun.reflect.DelegatingMethodAccessorImpl.invoke(DelegatingMethodAccessorImpl.java:43)
	at java.lang.reflect.Method.invoke(Method.java:606)
	at org.gradle.messaging.dispatch.ReflectionDispatch.dispatch(ReflectionDispatch.java:35)
	at org.gradle.messaging.dispatch.ReflectionDispatch.dispatch(ReflectionDispatch.java:24)
	at org.gradle.messaging.dispatch.ContextClassLoaderDispatch.dispatch(ContextClassLoaderDispatch.java:32)
	at org.gradle.messaging.dispatch.ProxyDispatchAdapter$DispatchingInvocationHandler.invoke(ProxyDispatchAdapter.java:93)
	at com.sun.proxy.$Proxy2.processTestClass(Unknown Source)
	at org.gradle.api.internal.tasks.testing.worker.TestWorker.processTestClass(TestWorker.java:106)
	at sun.reflect.GeneratedMethodAccessor108.invoke(Unknown Source)
	at sun.reflect.DelegatingMethodAccessorImpl.invoke(DelegatingMethodAccessorImpl.java:43)
	at java.lang.reflect.Method.invoke(Method.java:606)
	at org.gradle.messaging.dispatch.ReflectionDispatch.dispatch(ReflectionDispatch.java:35)
	at org.gradle.messaging.dispatch.ReflectionDispatch.dispatch(ReflectionDispatch.java:24)
	at org.gradle.messaging.remote.internal.hub.MessageHub$Handler.run(MessageHub.java:360)
	at org.gradle.internal.concurrent.DefaultExecutorFactory$StoppableExecutorImpl$1.run(DefaultExecutorFactory.java:64)
	at java.util.concurrent.ThreadPoolExecutor.runWorker(ThreadPoolExecutor.java:1145)
	at java.util.concurrent.ThreadPoolExecutor$Worker.run(ThreadPoolExecutor.java:615)
	at java.lang.Thread.run(Thread.java:745)
CommunicationType.commTypeName size must be between 0 and 128
java.lang.SecurityException: CommunicationType.commTypeName size must be between 0 and 128
	at com.athena.server.pluggable.utils.helper.EntityValidatorHelper.validateEntity(EntityValidatorHelper.java:37)
	at com.app.shared.organization.contactmanagement.CommunicationType.isValid(CommunicationType.java:162)
	at com.app.server.service.organization.contactmanagement.CommunicationTypeTestCase.validateCommunicationType(CommunicationTypeTestCase.java:192)
	at com.app.server.service.organization.contactmanagement.CommunicationTypeTestCase.test5NegativeTesting(CommunicationTypeTestCase.java:231)
	at sun.reflect.NativeMethodAccessorImpl.invoke0(Native Method)
	at sun.reflect.NativeMethodAccessorImpl.invoke(NativeMethodAccessorImpl.java:57)
	at sun.reflect.DelegatingMethodAccessorImpl.invoke(DelegatingMethodAccessorImpl.java:43)
	at java.lang.reflect.Method.invoke(Method.java:606)
	at org.junit.runners.model.FrameworkMethod$1.runReflectiveCall(FrameworkMethod.java:47)
	at org.junit.internal.runners.model.ReflectiveCallable.run(ReflectiveCallable.java:12)
	at org.junit.runners.model.FrameworkMethod.invokeExplosively(FrameworkMethod.java:44)
	at org.junit.internal.runners.statements.InvokeMethod.evaluate(InvokeMethod.java:17)
	at org.junit.internal.runners.statements.RunBefores.evaluate(RunBefores.java:26)
	at org.springframework.test.context.junit4.statements.RunBeforeTestMethodCallbacks.evaluate(RunBeforeTestMethodCallbacks.java:74)
	at org.junit.internal.runners.statements.RunAfters.evaluate(RunAfters.java:27)
	at org.springframework.test.context.junit4.statements.RunAfterTestMethodCallbacks.evaluate(RunAfterTestMethodCallbacks.java:83)
	at org.springframework.test.context.junit4.statements.SpringRepeat.evaluate(SpringRepeat.java:72)
	at org.springframework.test.context.junit4.SpringJUnit4ClassRunner.runChild(SpringJUnit4ClassRunner.java:233)
	at org.springframework.test.context.junit4.SpringJUnit4ClassRunner.runChild(SpringJUnit4ClassRunner.java:87)
	at org.junit.runners.ParentRunner$3.run(ParentRunner.java:238)
	at org.junit.runners.ParentRunner$1.schedule(ParentRunner.java:63)
	at org.junit.runners.ParentRunner.runChildren(ParentRunner.java:236)
	at org.junit.runners.ParentRunner.access$000(ParentRunner.java:53)
	at org.junit.runners.ParentRunner$2.evaluate(ParentRunner.java:229)
	at org.junit.internal.runners.statements.RunBefores.evaluate(RunBefores.java:26)
	at org.springframework.test.context.junit4.statements.RunBeforeTestClassCallbacks.evaluate(RunBeforeTestClassCallbacks.java:61)
	at org.springframework.test.context.junit4.statements.RunAfterTestClassCallbacks.evaluate(RunAfterTestClassCallbacks.java:71)
	at org.junit.runners.ParentRunner.run(ParentRunner.java:309)
	at org.springframework.test.context.junit4.SpringJUnit4ClassRunner.run(SpringJUnit4ClassRunner.java:176)
	at org.gradle.api.internal.tasks.testing.junit.JUnitTestClassExecuter.runTestClass(JUnitTestClassExecuter.java:86)
	at org.gradle.api.internal.tasks.testing.junit.JUnitTestClassExecuter.execute(JUnitTestClassExecuter.java:49)
	at org.gradle.api.internal.tasks.testing.junit.JUnitTestClassProcessor.processTestClass(JUnitTestClassProcessor.java:64)
	at org.gradle.api.internal.tasks.testing.SuiteTestClassProcessor.processTestClass(SuiteTestClassProcessor.java:50)
	at sun.reflect.GeneratedMethodAccessor109.invoke(Unknown Source)
	at sun.reflect.DelegatingMethodAccessorImpl.invoke(DelegatingMethodAccessorImpl.java:43)
	at java.lang.reflect.Method.invoke(Method.java:606)
	at org.gradle.messaging.dispatch.ReflectionDispatch.dispatch(ReflectionDispatch.java:35)
	at org.gradle.messaging.dispatch.ReflectionDispatch.dispatch(ReflectionDispatch.java:24)
	at org.gradle.messaging.dispatch.ContextClassLoaderDispatch.dispatch(ContextClassLoaderDispatch.java:32)
	at org.gradle.messaging.dispatch.ProxyDispatchAdapter$DispatchingInvocationHandler.invoke(ProxyDispatchAdapter.java:93)
	at com.sun.proxy.$Proxy2.processTestClass(Unknown Source)
	at org.gradle.api.internal.tasks.testing.worker.TestWorker.processTestClass(TestWorker.java:106)
	at sun.reflect.GeneratedMethodAccessor108.invoke(Unknown Source)
	at sun.reflect.DelegatingMethodAccessorImpl.invoke(DelegatingMethodAccessorImpl.java:43)
	at java.lang.reflect.Method.invoke(Method.java:606)
	at org.gradle.messaging.dispatch.ReflectionDispatch.dispatch(ReflectionDispatch.java:35)
	at org.gradle.messaging.dispatch.ReflectionDispatch.dispatch(ReflectionDispatch.java:24)
	at org.gradle.messaging.remote.internal.hub.MessageHub$Handler.run(MessageHub.java:360)
	at org.gradle.internal.concurrent.DefaultExecutorFactory$StoppableExecutorImpl$1.run(DefaultExecutorFactory.java:64)
	at java.util.concurrent.ThreadPoolExecutor.runWorker(ThreadPoolExecutor.java:1145)
	at java.util.concurrent.ThreadPoolExecutor$Worker.run(ThreadPoolExecutor.java:615)
	at java.lang.Thread.run(Thread.java:745)
CommunicationType.commTypeDescription size must be between 0 and 256
java.lang.SecurityException: CommunicationType.commTypeDescription size must be between 0 and 256
	at com.athena.server.pluggable.utils.helper.EntityValidatorHelper.validateEntity(EntityValidatorHelper.java:37)
	at com.app.shared.organization.contactmanagement.CommunicationType.isValid(CommunicationType.java:162)
	at com.app.server.service.organization.contactmanagement.CommunicationTypeTestCase.validateCommunicationType(CommunicationTypeTestCase.java:192)
	at com.app.server.service.organization.contactmanagement.CommunicationTypeTestCase.test5NegativeTesting(CommunicationTypeTestCase.java:236)
	at sun.reflect.NativeMethodAccessorImpl.invoke0(Native Method)
	at sun.reflect.NativeMethodAccessorImpl.invoke(NativeMethodAccessorImpl.java:57)
	at sun.reflect.DelegatingMethodAccessorImpl.invoke(DelegatingMethodAccessorImpl.java:43)
	at java.lang.reflect.Method.invoke(Method.java:606)
	at org.junit.runners.model.FrameworkMethod$1.runReflectiveCall(FrameworkMethod.java:47)
	at org.junit.internal.runners.model.ReflectiveCallable.run(ReflectiveCallable.java:12)
	at org.junit.runners.model.FrameworkMethod.invokeExplosively(FrameworkMethod.java:44)
	at org.junit.internal.runners.statements.InvokeMethod.evaluate(InvokeMethod.java:17)
	at org.junit.internal.runners.statements.RunBefores.evaluate(RunBefores.java:26)
	at org.springframework.test.context.junit4.statements.RunBeforeTestMethodCallbacks.evaluate(RunBeforeTestMethodCallbacks.java:74)
	at org.junit.internal.runners.statements.RunAfters.evaluate(RunAfters.java:27)
	at org.springframework.test.context.junit4.statements.RunAfterTestMethodCallbacks.evaluate(RunAfterTestMethodCallbacks.java:83)
	at org.springframework.test.context.junit4.statements.SpringRepeat.evaluate(SpringRepeat.java:72)
	at org.springframework.test.context.junit4.SpringJUnit4ClassRunner.runChild(SpringJUnit4ClassRunner.java:233)
	at org.springframework.test.context.junit4.SpringJUnit4ClassRunner.runChild(SpringJUnit4ClassRunner.java:87)
	at org.junit.runners.ParentRunner$3.run(ParentRunner.java:238)
	at org.junit.runners.ParentRunner$1.schedule(ParentRunner.java:63)
	at org.junit.runners.ParentRunner.runChildren(ParentRunner.java:236)
	at org.junit.runners.ParentRunner.access$000(ParentRunner.java:53)
	at org.junit.runners.ParentRunner$2.evaluate(ParentRunner.java:229)
	at org.junit.internal.runners.statements.RunBefores.evaluate(RunBefores.java:26)
	at org.springframework.test.context.junit4.statements.RunBeforeTestClassCallbacks.evaluate(RunBeforeTestClassCallbacks.java:61)
	at org.springframework.test.context.junit4.statements.RunAfterTestClassCallbacks.evaluate(RunAfterTestClassCallbacks.java:71)
	at org.junit.runners.ParentRunner.run(ParentRunner.java:309)
	at org.springframework.test.context.junit4.SpringJUnit4ClassRunner.run(SpringJUnit4ClassRunner.java:176)
	at org.gradle.api.internal.tasks.testing.junit.JUnitTestClassExecuter.runTestClass(JUnitTestClassExecuter.java:86)
	at org.gradle.api.internal.tasks.testing.junit.JUnitTestClassExecuter.execute(JUnitTestClassExecuter.java:49)
	at org.gradle.api.internal.tasks.testing.junit.JUnitTestClassProcessor.processTestClass(JUnitTestClassProcessor.java:64)
	at org.gradle.api.internal.tasks.testing.SuiteTestClassProcessor.processTestClass(SuiteTestClassProcessor.java:50)
	at sun.reflect.GeneratedMethodAccessor109.invoke(Unknown Source)
	at sun.reflect.DelegatingMethodAccessorImpl.invoke(DelegatingMethodAccessorImpl.java:43)
	at java.lang.reflect.Method.invoke(Method.java:606)
	at org.gradle.messaging.dispatch.ReflectionDispatch.dispatch(ReflectionDispatch.java:35)
	at org.gradle.messaging.dispatch.ReflectionDispatch.dispatch(ReflectionDispatch.java:24)
	at org.gradle.messaging.dispatch.ContextClassLoaderDispatch.dispatch(ContextClassLoaderDispatch.java:32)
	at org.gradle.messaging.dispatch.ProxyDispatchAdapter$DispatchingInvocationHandler.invoke(ProxyDispatchAdapter.java:93)
	at com.sun.proxy.$Proxy2.processTestClass(Unknown Source)
	at org.gradle.api.internal.tasks.testing.worker.TestWorker.processTestClass(TestWorker.java:106)
	at sun.reflect.GeneratedMethodAccessor108.invoke(Unknown Source)
	at sun.reflect.DelegatingMethodAccessorImpl.invoke(DelegatingMethodAccessorImpl.java:43)
	at java.lang.reflect.Method.invoke(Method.java:606)
	at org.gradle.messaging.dispatch.ReflectionDispatch.dispatch(ReflectionDispatch.java:35)
	at org.gradle.messaging.dispatch.ReflectionDispatch.dispatch(ReflectionDispatch.java:24)
	at org.gradle.messaging.remote.internal.hub.MessageHub$Handler.run(MessageHub.java:360)
	at org.gradle.internal.concurrent.DefaultExecutorFactory$StoppableExecutorImpl$1.run(DefaultExecutorFactory.java:64)
	at java.util.concurrent.ThreadPoolExecutor.runWorker(ThreadPoolExecutor.java:1145)
	at java.util.concurrent.ThreadPoolExecutor$Worker.run(ThreadPoolExecutor.java:615)
	at java.lang.Thread.run(Thread.java:745)
]]></system-err>
</testsuite>
