<?xml version="1.0" encoding="UTF-8"?>
<testsuite name="com.app.server.service.organization.locationmanagement.TimezoneTestCase" tests="5" skipped="0" failures="0" errors="0" timestamp="2016-06-22T05:12:23" hostname="2e2c6e5d822f" time="0.157">
  <properties/>
  <testcase name="test1Save" classname="com.app.server.service.organization.locationmanagement.TimezoneTestCase" time="0.03"/>
  <testcase name="test2Update" classname="com.app.server.service.organization.locationmanagement.TimezoneTestCase" time="0.017"/>
  <testcase name="test3FindById" classname="com.app.server.service.organization.locationmanagement.TimezoneTestCase" time="0.007"/>
  <testcase name="test5NegativeTesting" classname="com.app.server.service.organization.locationmanagement.TimezoneTestCase" time="0.017"/>
  <testcase name="test6Delete" classname="com.app.server.service.organization.locationmanagement.TimezoneTestCase" time="0.085"/>
  <system-out><![CDATA[Wed Jun 22 05:12:23 UTC 2016|Log Manager Factory|Initialization Process started.....
Wed Jun 22 05:12:23 UTC 2016|Log Manager|Initialized with Path = [/home/applifire/workspace/appone/src/main/webapp/WEB-INF/conf]
Wed Jun 22 05:12:23 UTC 2016|Alarm Manager|Initialized with Path = [/home/applifire/workspace/appone/src/main/webapp/WEB-INF/conf]
Wed Jun 22 05:12:23 UTC 2016|Alarm Manager|Loading Alarms ......
Wed Jun 22 05:12:23 UTC 2016|Alarm XML Parser|FWA|XML Parsing Complete........ 
Wed Jun 22 05:12:23 UTC 2016|Alarm File Manager|FWA|Alarm File Status.. [ApplicationFrameworkAlarms.xml]|Version=15|Status=Done 
Wed Jun 22 05:12:23 UTC 2016|Alarm File Manager|FWA|Alarm Stats = ( BC/AL=4/676 SYS=4/10 [676/0]  TPL=0/0 [0/0]  APP= A.Map=[759]  E.Map EC/RC=[322/67] )
Wed Jun 22 05:12:23 UTC 2016|Alarm XML Parser|APP|XML Parsing Complete........ 
Wed Jun 22 05:12:23 UTC 2016|Alarm File Manager|APP|Alarm File Status.. [ApplicationAlarms.xml]|Version=1|Status=Done 
Wed Jun 22 05:12:23 UTC 2016|Alarm File Manager|APP|Alarm Stats = ( BC/AL=4/676 SYS=4/10 [676/0]  TPL=0/0 [0/0]  APP=0/0 [0/0]  A.Map=[759]  E.Map EC/RC=[322/67] )
Wed Jun 22 05:12:23 UTC 2016|ApplicationAlarmContext| <><><><><> Create App Alarms ....  <><><><><> 
Wed Jun 22 05:12:23 UTC 2016|ApplicationAlarmContext|Alarms are generated ONLY in Development Mode.. 
Wed Jun 22 05:12:23 UTC 2016|Alarm Manager|APP|Alarm Stats = ( BC/AL=4/676 SYS=4/10 [676/0]  TPL=0/0 [0/0]  APP=0/0 [0/0]  A.Map=[759]  E.Map EC/RC=[322/67] )
Wed Jun 22 05:12:23 UTC 2016|Alarm Manager|Initialized Exception Lookup...
Wed Jun 22 05:12:23 UTC 2016|Log Manager|Initialize Log Config File ......
Wed Jun 22 05:12:23 UTC 2016|Pluggable Connectors|Adding Connectors : StandardOutputConnector isEnabled=true isDefault=false isFallBack=true
Wed Jun 22 05:12:23 UTC 2016|Pluggable Connectors|Adding Connectors : StandardFileConnector isEnabled=true isDefault=false isFallBack=false
Wed Jun 22 05:12:23 UTC 2016|Pluggable Connectors|Adding Connectors : Sprinkler isEnabled=true isDefault=true isFallBack=false
Wed Jun 22 05:12:23 UTC 2016|Pluggable Connectors|Default Connector Name : com.spartan.logger.core.LogMessenger
Wed Jun 22 05:12:23 UTC 2016|Log Config Parser|Connector Least Log Level =[4]  FallBack Log Level =[3]
Wed Jun 22 05:12:23 UTC 2016|Log Manager|Loading Default Connector for Logging ......
Wed Jun 22 05:12:23 UTC 2016|Log Manager|Loading class .. com.spartan.logger.core.LogMessenger
Wed Jun 22 05:12:23 UTC 2016|Plugggable Connector|Connector class com.spartan.logger.core.LogMessenger Initialized... @ Log Level = 3
Wed Jun 22 05:12:23 UTC 2016|Log Manager|Starting the Default Connector [com.spartan.logger.core.LogMessenger@6f73a5a1] ....
Wed Jun 22 05:12:23 UTC 2016|Scheduler|Starting the Scheduler ......
Wed Jun 22 05:12:23 UTC 2016|Scheduler|Adding [LMID=[56823251-f411-4b6e-a94c-7c7f9db80ee7]] Delay=5 Time Unit=MINUTES
Wed Jun 22 05:12:23 UTC 2016|Scheduler|Adding [App Alarm Manager File=[ApplicationAlarms.xml]] Delay=30 Time Unit=MINUTES
Wed Jun 22 05:12:23 UTC 2016|Scheduler|Adding [FW Alarm Manager File=[ApplicationFrameworkAlarms.xml]] Delay=3 Time Unit=MINUTES
Wed Jun 22 05:12:23 UTC 2016|Scheduler|Startup Completed..
Wed Jun 22 05:12:23 UTC 2016|Log Manager|Initialization Process Complete ......
Wed Jun 22 05:12:23 UTC 2016|Log Manager Factory|Log Manager READY! ID = 56823251-f411-4b6e-a94c-7c7f9db80ee7
Setting logged in user info for ADD
[EL Finer]: connection: 2016-06-22 05:12:23.62--ServerSession(513126071)--Thread(Thread[Test worker,5,main])--client acquired: 2023973827
[EL Finer]: transaction: 2016-06-22 05:12:23.621--ClientSession(2023973827)--Thread(Thread[Test worker,5,main])--acquire unit of work: 787141909
[EL Finest]: connection: 2016-06-22 05:12:23.621--ServerSession(513126071)--Connection(994799043)--Thread(Thread[Test worker,5,main])--Connection acquired from connection pool [default].
[EL Finer]: transaction: 2016-06-22 05:12:23.621--ClientSession(2023973827)--Connection(994799043)--Thread(Thread[Test worker,5,main])--begin transaction
[EL Finest]: connection: 2016-06-22 05:12:23.621--ClientSession(2023973827)--Thread(Thread[Test worker,5,main])--reconnecting to external connection pool
Wed Jun 22 05:12:23 UTC 2016|Unknown Alarm = ORGLM312100100 Alarm Split = ORG-LM-3-1-2-100-100
[EL Finest]: transaction: 2016-06-22 05:12:23.622--UnitOfWork(787141909)--Thread(Thread[Test worker,5,main])--persist() operation called on: 1,2T0sz2dIxyjmEVX8qwcQZvck55jz86ziymEwtWe3nPykv545wY.
[EL Finest]: sequencing: 2016-06-22 05:12:23.622--UnitOfWork(787141909)--Thread(Thread[Test worker,5,main])--assign sequence to the object (40E63F17-0C32-4EC3-93DE-F069BF3B095B -> 1,2T0sz2dIxyjmEVX8qwcQZvck55jz86ziymEwtWe3nPykv545wY)
[EL Finer]: transaction: 2016-06-22 05:12:23.622--UnitOfWork(787141909)--Thread(Thread[Test worker,5,main])--begin unit of work commit
[EL Finest]: query: 2016-06-22 05:12:23.622--UnitOfWork(787141909)--Thread(Thread[Test worker,5,main])--Execute query InsertObjectQuery(1,2T0sz2dIxyjmEVX8qwcQZvck55jz86ziymEwtWe3nPykv545wY)
[EL Fine]: sql: 2016-06-22 05:12:23.623--ClientSession(2023973827)--Connection(404742859)--Thread(Thread[Test worker,5,main])--INSERT INTO ast_Timezone_M (timeZoneId, cities, country, gmtLabel, timeZoneLabel, utcdifference, versionId, createdBy, createdDate, updatedBy, updatedDate, activeStatus, txnAccessCode) VALUES (?, ?, ?, ?, ?, ?, ?, ?, ?, ?, ?, ?, ?)
	bind => [40E63F17-0C32-4EC3-93DE-F069BF3B095B, ExgP53JB0S2PqQKv6ihcnuMvXzZFtxGLr7a8nBblJggRPz3k4j, EnZuAMUflE2KSe7ywhi8L1uoSkMJTjawuU1uc7kITjCQ4UjwW1, HMGClxd3OKChskh1OHCXonXvf4xJcuuSgil2sQojURXVxBVryk, 2T0sz2dIxyjmEVX8qwcQZvck55jz86ziymEwtWe3nPykv545wY, 1, 1, AAAAA, 2016-06-22 05:12:23.618, AAAAA, 2016-06-22 05:12:23.618, 1, 51000]
[EL Finer]: transaction: 2016-06-22 05:12:23.624--ClientSession(2023973827)--Connection(404742859)--Thread(Thread[Test worker,5,main])--commit transaction
[EL Finest]: connection: 2016-06-22 05:12:23.626--ServerSession(513126071)--Connection(994799043)--Thread(Thread[Test worker,5,main])--Connection released to connection pool [default].
[EL Finer]: transaction: 2016-06-22 05:12:23.626--UnitOfWork(787141909)--Thread(Thread[Test worker,5,main])--end unit of work commit
[EL Finer]: transaction: 2016-06-22 05:12:23.626--UnitOfWork(787141909)--Thread(Thread[Test worker,5,main])--resume unit of work
[EL Finer]: transaction: 2016-06-22 05:12:23.627--UnitOfWork(787141909)--Thread(Thread[Test worker,5,main])--release unit of work
[EL Finer]: connection: 2016-06-22 05:12:23.627--ClientSession(2023973827)--Thread(Thread[Test worker,5,main])--client released
[EL Finer]: connection: 2016-06-22 05:12:23.632--ServerSession(513126071)--Thread(Thread[Test worker,5,main])--client acquired: 814989240
[EL Finer]: transaction: 2016-06-22 05:12:23.632--ClientSession(814989240)--Thread(Thread[Test worker,5,main])--acquire unit of work: 873456114
[EL Finest]: connection: 2016-06-22 05:12:23.632--ServerSession(513126071)--Connection(2126180753)--Thread(Thread[Test worker,5,main])--Connection acquired from connection pool [default].
[EL Finer]: transaction: 2016-06-22 05:12:23.632--ClientSession(814989240)--Connection(2126180753)--Thread(Thread[Test worker,5,main])--begin transaction
[EL Finest]: connection: 2016-06-22 05:12:23.632--ClientSession(814989240)--Thread(Thread[Test worker,5,main])--reconnecting to external connection pool
[EL Finer]: transaction: 2016-06-22 05:12:23.633--UnitOfWork(873456114)--Thread(Thread[Test worker,5,main])--begin unit of work flush
[EL Finer]: transaction: 2016-06-22 05:12:23.633--UnitOfWork(873456114)--Thread(Thread[Test worker,5,main])--end unit of work flush
[EL Finest]: query: 2016-06-22 05:12:23.633--UnitOfWork(873456114)--Thread(Thread[Test worker,5,main])--Execute query ReadAllQuery(name="Timezone.findById" referenceClass=Timezone sql="SELECT timeZoneId, cities, country, gmtLabel, timeZoneLabel, utcdifference, versionId, createdBy, createdDate, updatedBy, updatedDate, activeStatus, txnAccessCode FROM ast_Timezone_M WHERE ((activeStatus = ?) AND (timeZoneId = ?))")
[EL Fine]: sql: 2016-06-22 05:12:23.634--ClientSession(814989240)--Connection(180328074)--Thread(Thread[Test worker,5,main])--SELECT timeZoneId, cities, country, gmtLabel, timeZoneLabel, utcdifference, versionId, createdBy, createdDate, updatedBy, updatedDate, activeStatus, txnAccessCode FROM ast_Timezone_M WHERE ((activeStatus = ?) AND (timeZoneId = ?))
	bind => [1, 40E63F17-0C32-4EC3-93DE-F069BF3B095B]
[EL Finer]: transaction: 2016-06-22 05:12:23.635--UnitOfWork(873456114)--Thread(Thread[Test worker,5,main])--begin unit of work commit
[EL Finer]: transaction: 2016-06-22 05:12:23.635--ClientSession(814989240)--Connection(180328074)--Thread(Thread[Test worker,5,main])--commit transaction
[EL Finest]: connection: 2016-06-22 05:12:23.635--ServerSession(513126071)--Connection(2126180753)--Thread(Thread[Test worker,5,main])--Connection released to connection pool [default].
[EL Finer]: transaction: 2016-06-22 05:12:23.635--UnitOfWork(873456114)--Thread(Thread[Test worker,5,main])--end unit of work commit
[EL Finer]: transaction: 2016-06-22 05:12:23.635--UnitOfWork(873456114)--Thread(Thread[Test worker,5,main])--resume unit of work
[EL Finer]: transaction: 2016-06-22 05:12:23.635--UnitOfWork(873456114)--Thread(Thread[Test worker,5,main])--release unit of work
[EL Finer]: connection: 2016-06-22 05:12:23.636--ClientSession(814989240)--Thread(Thread[Test worker,5,main])--client released
Setting logged in user info for UPDATE
[EL Finer]: connection: 2016-06-22 05:12:23.636--ServerSession(513126071)--Thread(Thread[Test worker,5,main])--client acquired: 1517179723
[EL Finer]: transaction: 2016-06-22 05:12:23.636--ClientSession(1517179723)--Thread(Thread[Test worker,5,main])--acquire unit of work: 18779983
[EL Finest]: connection: 2016-06-22 05:12:23.636--ServerSession(513126071)--Connection(2102561819)--Thread(Thread[Test worker,5,main])--Connection acquired from connection pool [default].
[EL Finer]: transaction: 2016-06-22 05:12:23.636--ClientSession(1517179723)--Connection(2102561819)--Thread(Thread[Test worker,5,main])--begin transaction
[EL Finest]: connection: 2016-06-22 05:12:23.636--ClientSession(1517179723)--Thread(Thread[Test worker,5,main])--reconnecting to external connection pool
[EL Finest]: transaction: 2016-06-22 05:12:23.639--UnitOfWork(18779983)--Thread(Thread[Test worker,5,main])--Merge clone with references 9,YlCRb5Up8AqpmtbZnh4ffD46CO9hLBTvF2DfaE8qJee82CaJHc
[EL Finest]: query: 2016-06-22 05:12:23.639--UnitOfWork(18779983)--Thread(Thread[Test worker,5,main])--Execute query ReadObjectQuery(referenceClass=Timezone )
[EL Fine]: sql: 2016-06-22 05:12:23.639--ClientSession(1517179723)--Connection(1064559706)--Thread(Thread[Test worker,5,main])--SELECT timeZoneId, cities, country, gmtLabel, timeZoneLabel, utcdifference, versionId, createdBy, createdDate, updatedBy, updatedDate, activeStatus, txnAccessCode FROM ast_Timezone_M WHERE (timeZoneId = ?)
	bind => [40E63F17-0C32-4EC3-93DE-F069BF3B095B]
[EL Finer]: transaction: 2016-06-22 05:12:23.64--UnitOfWork(18779983)--Thread(Thread[Test worker,5,main])--begin unit of work commit
[EL Finest]: query: 2016-06-22 05:12:23.64--UnitOfWork(18779983)--Thread(Thread[Test worker,5,main])--Execute query UpdateObjectQuery(9,YlCRb5Up8AqpmtbZnh4ffD46CO9hLBTvF2DfaE8qJee82CaJHc)
[EL Fine]: sql: 2016-06-22 05:12:23.641--ClientSession(1517179723)--Connection(1064559706)--Thread(Thread[Test worker,5,main])--UPDATE ast_Timezone_M SET cities = ?, country = ?, gmtLabel = ?, timeZoneLabel = ?, utcdifference = ?, versionId = ? WHERE ((timeZoneId = ?) AND (versionId = ?))
	bind => [XKLayYqdFZgYCAK1VrBYlR4ygxWZjkal8C2OGXl1GtLhwh38F3, aa0039fusjVrZWzcYxcohX0dtpusypgduRNhaebZdICG61cd6N, NUZE3p8kLyxZGIJxS0iK8R5ZoDy0JSpDHYraImPzWCpLPsfwcb, YlCRb5Up8AqpmtbZnh4ffD46CO9hLBTvF2DfaE8qJee82CaJHc, 9, 2, 40E63F17-0C32-4EC3-93DE-F069BF3B095B, 1]
[EL Finer]: transaction: 2016-06-22 05:12:23.642--ClientSession(1517179723)--Connection(1064559706)--Thread(Thread[Test worker,5,main])--commit transaction
[EL Finest]: connection: 2016-06-22 05:12:23.644--ServerSession(513126071)--Connection(2102561819)--Thread(Thread[Test worker,5,main])--Connection released to connection pool [default].
[EL Finer]: transaction: 2016-06-22 05:12:23.644--UnitOfWork(18779983)--Thread(Thread[Test worker,5,main])--end unit of work commit
[EL Finer]: transaction: 2016-06-22 05:12:23.644--UnitOfWork(18779983)--Thread(Thread[Test worker,5,main])--resume unit of work
[EL Finer]: transaction: 2016-06-22 05:12:23.644--UnitOfWork(18779983)--Thread(Thread[Test worker,5,main])--release unit of work
[EL Finer]: connection: 2016-06-22 05:12:23.644--ClientSession(1517179723)--Thread(Thread[Test worker,5,main])--client released
[EL Finer]: connection: 2016-06-22 05:12:23.649--ServerSession(513126071)--Thread(Thread[Test worker,5,main])--client acquired: 2137498132
[EL Finer]: transaction: 2016-06-22 05:12:23.649--ClientSession(2137498132)--Thread(Thread[Test worker,5,main])--acquire unit of work: 1824657508
[EL Finest]: connection: 2016-06-22 05:12:23.649--ServerSession(513126071)--Connection(952257796)--Thread(Thread[Test worker,5,main])--Connection acquired from connection pool [default].
[EL Finer]: transaction: 2016-06-22 05:12:23.649--ClientSession(2137498132)--Connection(952257796)--Thread(Thread[Test worker,5,main])--begin transaction
[EL Finest]: connection: 2016-06-22 05:12:23.649--ClientSession(2137498132)--Thread(Thread[Test worker,5,main])--reconnecting to external connection pool
[EL Finer]: transaction: 2016-06-22 05:12:23.65--UnitOfWork(1824657508)--Thread(Thread[Test worker,5,main])--begin unit of work flush
[EL Finer]: transaction: 2016-06-22 05:12:23.65--UnitOfWork(1824657508)--Thread(Thread[Test worker,5,main])--end unit of work flush
[EL Finest]: query: 2016-06-22 05:12:23.65--UnitOfWork(1824657508)--Thread(Thread[Test worker,5,main])--Execute query ReadAllQuery(name="Timezone.findById" referenceClass=Timezone sql="SELECT timeZoneId, cities, country, gmtLabel, timeZoneLabel, utcdifference, versionId, createdBy, createdDate, updatedBy, updatedDate, activeStatus, txnAccessCode FROM ast_Timezone_M WHERE ((activeStatus = ?) AND (timeZoneId = ?))")
[EL Fine]: sql: 2016-06-22 05:12:23.65--ClientSession(2137498132)--Connection(489468256)--Thread(Thread[Test worker,5,main])--SELECT timeZoneId, cities, country, gmtLabel, timeZoneLabel, utcdifference, versionId, createdBy, createdDate, updatedBy, updatedDate, activeStatus, txnAccessCode FROM ast_Timezone_M WHERE ((activeStatus = ?) AND (timeZoneId = ?))
	bind => [1, 40E63F17-0C32-4EC3-93DE-F069BF3B095B]
[EL Finer]: transaction: 2016-06-22 05:12:23.651--UnitOfWork(1824657508)--Thread(Thread[Test worker,5,main])--begin unit of work commit
[EL Finer]: transaction: 2016-06-22 05:12:23.651--ClientSession(2137498132)--Connection(489468256)--Thread(Thread[Test worker,5,main])--commit transaction
[EL Finest]: connection: 2016-06-22 05:12:23.652--ServerSession(513126071)--Connection(952257796)--Thread(Thread[Test worker,5,main])--Connection released to connection pool [default].
[EL Finer]: transaction: 2016-06-22 05:12:23.652--UnitOfWork(1824657508)--Thread(Thread[Test worker,5,main])--end unit of work commit
[EL Finer]: transaction: 2016-06-22 05:12:23.652--UnitOfWork(1824657508)--Thread(Thread[Test worker,5,main])--resume unit of work
[EL Finer]: transaction: 2016-06-22 05:12:23.652--UnitOfWork(1824657508)--Thread(Thread[Test worker,5,main])--release unit of work
[EL Finer]: connection: 2016-06-22 05:12:23.652--ClientSession(2137498132)--Thread(Thread[Test worker,5,main])--client released
[EL Finer]: connection: 2016-06-22 05:12:23.673--ServerSession(513126071)--Thread(Thread[Test worker,5,main])--client acquired: 2030051295
[EL Finer]: transaction: 2016-06-22 05:12:23.673--ClientSession(2030051295)--Thread(Thread[Test worker,5,main])--acquire unit of work: 1999415176
[EL Finest]: connection: 2016-06-22 05:12:23.673--ServerSession(513126071)--Connection(346754776)--Thread(Thread[Test worker,5,main])--Connection acquired from connection pool [default].
[EL Finer]: transaction: 2016-06-22 05:12:23.673--ClientSession(2030051295)--Connection(346754776)--Thread(Thread[Test worker,5,main])--begin transaction
[EL Finest]: connection: 2016-06-22 05:12:23.673--ClientSession(2030051295)--Thread(Thread[Test worker,5,main])--reconnecting to external connection pool
[EL Finest]: query: 2016-06-22 05:12:23.674--UnitOfWork(1999415176)--Thread(Thread[Test worker,5,main])--Execute query ReadObjectQuery(name="readTimezone" referenceClass=Timezone sql="SELECT timeZoneId, cities, country, gmtLabel, timeZoneLabel, utcdifference, versionId, createdBy, createdDate, updatedBy, updatedDate, activeStatus, txnAccessCode FROM ast_Timezone_M WHERE (timeZoneId = ?)")
[EL Fine]: sql: 2016-06-22 05:12:23.674--ClientSession(2030051295)--Connection(565043892)--Thread(Thread[Test worker,5,main])--SELECT timeZoneId, cities, country, gmtLabel, timeZoneLabel, utcdifference, versionId, createdBy, createdDate, updatedBy, updatedDate, activeStatus, txnAccessCode FROM ast_Timezone_M WHERE (timeZoneId = ?)
	bind => [40E63F17-0C32-4EC3-93DE-F069BF3B095B]
[EL Finest]: transaction: 2016-06-22 05:12:23.675--UnitOfWork(1999415176)--Thread(Thread[Test worker,5,main])--remove() operation called on: 9,YlCRb5Up8AqpmtbZnh4ffD46CO9hLBTvF2DfaE8qJee82CaJHc
[EL Finer]: transaction: 2016-06-22 05:12:23.676--UnitOfWork(1999415176)--Thread(Thread[Test worker,5,main])--begin unit of work commit
[EL Finest]: query: 2016-06-22 05:12:23.676--UnitOfWork(1999415176)--Thread(Thread[Test worker,5,main])--Execute query DoesExistQuery(referenceClass=Timezone )
[EL Finest]: query: 2016-06-22 05:12:23.676--UnitOfWork(1999415176)--Thread(Thread[Test worker,5,main])--Execute query DeleteObjectQuery(9,YlCRb5Up8AqpmtbZnh4ffD46CO9hLBTvF2DfaE8qJee82CaJHc)
[EL Fine]: sql: 2016-06-22 05:12:23.676--ClientSession(2030051295)--Connection(565043892)--Thread(Thread[Test worker,5,main])--DELETE FROM ast_Timezone_M WHERE ((timeZoneId = ?) AND (versionId = ?))
	bind => [40E63F17-0C32-4EC3-93DE-F069BF3B095B, 2]
[EL Finer]: transaction: 2016-06-22 05:12:23.677--ClientSession(2030051295)--Connection(565043892)--Thread(Thread[Test worker,5,main])--commit transaction
[EL Finest]: connection: 2016-06-22 05:12:23.754--ServerSession(513126071)--Connection(346754776)--Thread(Thread[Test worker,5,main])--Connection released to connection pool [default].
[EL Finer]: transaction: 2016-06-22 05:12:23.754--UnitOfWork(1999415176)--Thread(Thread[Test worker,5,main])--end unit of work commit
[EL Finer]: transaction: 2016-06-22 05:12:23.754--UnitOfWork(1999415176)--Thread(Thread[Test worker,5,main])--resume unit of work
[EL Finer]: transaction: 2016-06-22 05:12:23.754--UnitOfWork(1999415176)--Thread(Thread[Test worker,5,main])--release unit of work
[EL Finer]: connection: 2016-06-22 05:12:23.754--ClientSession(2030051295)--Thread(Thread[Test worker,5,main])--client released
]]></system-out>
  <system-err><![CDATA[Timezone.utcdifference may not be null
java.lang.SecurityException: Timezone.utcdifference may not be null
	at com.athena.server.pluggable.utils.helper.EntityValidatorHelper.validateEntity(EntityValidatorHelper.java:37)
	at com.app.shared.organization.locationmanagement.Timezone.isValid(Timezone.java:193)
	at com.app.server.service.organization.locationmanagement.TimezoneTestCase.validateTimezone(TimezoneTestCase.java:185)
	at com.app.server.service.organization.locationmanagement.TimezoneTestCase.test5NegativeTesting(TimezoneTestCase.java:220)
	at sun.reflect.NativeMethodAccessorImpl.invoke0(Native Method)
	at sun.reflect.NativeMethodAccessorImpl.invoke(NativeMethodAccessorImpl.java:57)
	at sun.reflect.DelegatingMethodAccessorImpl.invoke(DelegatingMethodAccessorImpl.java:43)
	at java.lang.reflect.Method.invoke(Method.java:606)
	at org.junit.runners.model.FrameworkMethod$1.runReflectiveCall(FrameworkMethod.java:47)
	at org.junit.internal.runners.model.ReflectiveCallable.run(ReflectiveCallable.java:12)
	at org.junit.runners.model.FrameworkMethod.invokeExplosively(FrameworkMethod.java:44)
	at org.junit.internal.runners.statements.InvokeMethod.evaluate(InvokeMethod.java:17)
	at org.junit.internal.runners.statements.RunBefores.evaluate(RunBefores.java:26)
	at org.springframework.test.context.junit4.statements.RunBeforeTestMethodCallbacks.evaluate(RunBeforeTestMethodCallbacks.java:74)
	at org.junit.internal.runners.statements.RunAfters.evaluate(RunAfters.java:27)
	at org.springframework.test.context.junit4.statements.RunAfterTestMethodCallbacks.evaluate(RunAfterTestMethodCallbacks.java:83)
	at org.springframework.test.context.junit4.statements.SpringRepeat.evaluate(SpringRepeat.java:72)
	at org.springframework.test.context.junit4.SpringJUnit4ClassRunner.runChild(SpringJUnit4ClassRunner.java:233)
	at org.springframework.test.context.junit4.SpringJUnit4ClassRunner.runChild(SpringJUnit4ClassRunner.java:87)
	at org.junit.runners.ParentRunner$3.run(ParentRunner.java:238)
	at org.junit.runners.ParentRunner$1.schedule(ParentRunner.java:63)
	at org.junit.runners.ParentRunner.runChildren(ParentRunner.java:236)
	at org.junit.runners.ParentRunner.access$000(ParentRunner.java:53)
	at org.junit.runners.ParentRunner$2.evaluate(ParentRunner.java:229)
	at org.junit.internal.runners.statements.RunBefores.evaluate(RunBefores.java:26)
	at org.springframework.test.context.junit4.statements.RunBeforeTestClassCallbacks.evaluate(RunBeforeTestClassCallbacks.java:61)
	at org.springframework.test.context.junit4.statements.RunAfterTestClassCallbacks.evaluate(RunAfterTestClassCallbacks.java:71)
	at org.junit.runners.ParentRunner.run(ParentRunner.java:309)
	at org.springframework.test.context.junit4.SpringJUnit4ClassRunner.run(SpringJUnit4ClassRunner.java:176)
	at org.gradle.api.internal.tasks.testing.junit.JUnitTestClassExecuter.runTestClass(JUnitTestClassExecuter.java:86)
	at org.gradle.api.internal.tasks.testing.junit.JUnitTestClassExecuter.execute(JUnitTestClassExecuter.java:49)
	at org.gradle.api.internal.tasks.testing.junit.JUnitTestClassProcessor.processTestClass(JUnitTestClassProcessor.java:64)
	at org.gradle.api.internal.tasks.testing.SuiteTestClassProcessor.processTestClass(SuiteTestClassProcessor.java:50)
	at sun.reflect.GeneratedMethodAccessor109.invoke(Unknown Source)
	at sun.reflect.DelegatingMethodAccessorImpl.invoke(DelegatingMethodAccessorImpl.java:43)
	at java.lang.reflect.Method.invoke(Method.java:606)
	at org.gradle.messaging.dispatch.ReflectionDispatch.dispatch(ReflectionDispatch.java:35)
	at org.gradle.messaging.dispatch.ReflectionDispatch.dispatch(ReflectionDispatch.java:24)
	at org.gradle.messaging.dispatch.ContextClassLoaderDispatch.dispatch(ContextClassLoaderDispatch.java:32)
	at org.gradle.messaging.dispatch.ProxyDispatchAdapter$DispatchingInvocationHandler.invoke(ProxyDispatchAdapter.java:93)
	at com.sun.proxy.$Proxy2.processTestClass(Unknown Source)
	at org.gradle.api.internal.tasks.testing.worker.TestWorker.processTestClass(TestWorker.java:106)
	at sun.reflect.GeneratedMethodAccessor108.invoke(Unknown Source)
	at sun.reflect.DelegatingMethodAccessorImpl.invoke(DelegatingMethodAccessorImpl.java:43)
	at java.lang.reflect.Method.invoke(Method.java:606)
	at org.gradle.messaging.dispatch.ReflectionDispatch.dispatch(ReflectionDispatch.java:35)
	at org.gradle.messaging.dispatch.ReflectionDispatch.dispatch(ReflectionDispatch.java:24)
	at org.gradle.messaging.remote.internal.hub.MessageHub$Handler.run(MessageHub.java:360)
	at org.gradle.internal.concurrent.DefaultExecutorFactory$StoppableExecutorImpl$1.run(DefaultExecutorFactory.java:64)
	at java.util.concurrent.ThreadPoolExecutor.runWorker(ThreadPoolExecutor.java:1145)
	at java.util.concurrent.ThreadPoolExecutor$Worker.run(ThreadPoolExecutor.java:615)
	at java.lang.Thread.run(Thread.java:745)
Timezone.utcdifference must be less than or equal to 11
java.lang.SecurityException: Timezone.utcdifference must be less than or equal to 11
	at com.athena.server.pluggable.utils.helper.EntityValidatorHelper.validateEntity(EntityValidatorHelper.java:37)
	at com.app.shared.organization.locationmanagement.Timezone.isValid(Timezone.java:193)
	at com.app.server.service.organization.locationmanagement.TimezoneTestCase.validateTimezone(TimezoneTestCase.java:183)
	at com.app.server.service.organization.locationmanagement.TimezoneTestCase.test5NegativeTesting(TimezoneTestCase.java:225)
	at sun.reflect.NativeMethodAccessorImpl.invoke0(Native Method)
	at sun.reflect.NativeMethodAccessorImpl.invoke(NativeMethodAccessorImpl.java:57)
	at sun.reflect.DelegatingMethodAccessorImpl.invoke(DelegatingMethodAccessorImpl.java:43)
	at java.lang.reflect.Method.invoke(Method.java:606)
	at org.junit.runners.model.FrameworkMethod$1.runReflectiveCall(FrameworkMethod.java:47)
	at org.junit.internal.runners.model.ReflectiveCallable.run(ReflectiveCallable.java:12)
	at org.junit.runners.model.FrameworkMethod.invokeExplosively(FrameworkMethod.java:44)
	at org.junit.internal.runners.statements.InvokeMethod.evaluate(InvokeMethod.java:17)
	at org.junit.internal.runners.statements.RunBefores.evaluate(RunBefores.java:26)
	at org.springframework.test.context.junit4.statements.RunBeforeTestMethodCallbacks.evaluate(RunBeforeTestMethodCallbacks.java:74)
	at org.junit.internal.runners.statements.RunAfters.evaluate(RunAfters.java:27)
	at org.springframework.test.context.junit4.statements.RunAfterTestMethodCallbacks.evaluate(RunAfterTestMethodCallbacks.java:83)
	at org.springframework.test.context.junit4.statements.SpringRepeat.evaluate(SpringRepeat.java:72)
	at org.springframework.test.context.junit4.SpringJUnit4ClassRunner.runChild(SpringJUnit4ClassRunner.java:233)
	at org.springframework.test.context.junit4.SpringJUnit4ClassRunner.runChild(SpringJUnit4ClassRunner.java:87)
	at org.junit.runners.ParentRunner$3.run(ParentRunner.java:238)
	at org.junit.runners.ParentRunner$1.schedule(ParentRunner.java:63)
	at org.junit.runners.ParentRunner.runChildren(ParentRunner.java:236)
	at org.junit.runners.ParentRunner.access$000(ParentRunner.java:53)
	at org.junit.runners.ParentRunner$2.evaluate(ParentRunner.java:229)
	at org.junit.internal.runners.statements.RunBefores.evaluate(RunBefores.java:26)
	at org.springframework.test.context.junit4.statements.RunBeforeTestClassCallbacks.evaluate(RunBeforeTestClassCallbacks.java:61)
	at org.springframework.test.context.junit4.statements.RunAfterTestClassCallbacks.evaluate(RunAfterTestClassCallbacks.java:71)
	at org.junit.runners.ParentRunner.run(ParentRunner.java:309)
	at org.springframework.test.context.junit4.SpringJUnit4ClassRunner.run(SpringJUnit4ClassRunner.java:176)
	at org.gradle.api.internal.tasks.testing.junit.JUnitTestClassExecuter.runTestClass(JUnitTestClassExecuter.java:86)
	at org.gradle.api.internal.tasks.testing.junit.JUnitTestClassExecuter.execute(JUnitTestClassExecuter.java:49)
	at org.gradle.api.internal.tasks.testing.junit.JUnitTestClassProcessor.processTestClass(JUnitTestClassProcessor.java:64)
	at org.gradle.api.internal.tasks.testing.SuiteTestClassProcessor.processTestClass(SuiteTestClassProcessor.java:50)
	at sun.reflect.GeneratedMethodAccessor109.invoke(Unknown Source)
	at sun.reflect.DelegatingMethodAccessorImpl.invoke(DelegatingMethodAccessorImpl.java:43)
	at java.lang.reflect.Method.invoke(Method.java:606)
	at org.gradle.messaging.dispatch.ReflectionDispatch.dispatch(ReflectionDispatch.java:35)
	at org.gradle.messaging.dispatch.ReflectionDispatch.dispatch(ReflectionDispatch.java:24)
	at org.gradle.messaging.dispatch.ContextClassLoaderDispatch.dispatch(ContextClassLoaderDispatch.java:32)
	at org.gradle.messaging.dispatch.ProxyDispatchAdapter$DispatchingInvocationHandler.invoke(ProxyDispatchAdapter.java:93)
	at com.sun.proxy.$Proxy2.processTestClass(Unknown Source)
	at org.gradle.api.internal.tasks.testing.worker.TestWorker.processTestClass(TestWorker.java:106)
	at sun.reflect.GeneratedMethodAccessor108.invoke(Unknown Source)
	at sun.reflect.DelegatingMethodAccessorImpl.invoke(DelegatingMethodAccessorImpl.java:43)
	at java.lang.reflect.Method.invoke(Method.java:606)
	at org.gradle.messaging.dispatch.ReflectionDispatch.dispatch(ReflectionDispatch.java:35)
	at org.gradle.messaging.dispatch.ReflectionDispatch.dispatch(ReflectionDispatch.java:24)
	at org.gradle.messaging.remote.internal.hub.MessageHub$Handler.run(MessageHub.java:360)
	at org.gradle.internal.concurrent.DefaultExecutorFactory$StoppableExecutorImpl$1.run(DefaultExecutorFactory.java:64)
	at java.util.concurrent.ThreadPoolExecutor.runWorker(ThreadPoolExecutor.java:1145)
	at java.util.concurrent.ThreadPoolExecutor$Worker.run(ThreadPoolExecutor.java:615)
	at java.lang.Thread.run(Thread.java:745)
Timezone.gmtLabel size must be between 0 and 256
java.lang.SecurityException: Timezone.gmtLabel size must be between 0 and 256
	at com.athena.server.pluggable.utils.helper.EntityValidatorHelper.validateEntity(EntityValidatorHelper.java:37)
	at com.app.shared.organization.locationmanagement.Timezone.isValid(Timezone.java:193)
	at com.app.server.service.organization.locationmanagement.TimezoneTestCase.validateTimezone(TimezoneTestCase.java:183)
	at com.app.server.service.organization.locationmanagement.TimezoneTestCase.test5NegativeTesting(TimezoneTestCase.java:230)
	at sun.reflect.NativeMethodAccessorImpl.invoke0(Native Method)
	at sun.reflect.NativeMethodAccessorImpl.invoke(NativeMethodAccessorImpl.java:57)
	at sun.reflect.DelegatingMethodAccessorImpl.invoke(DelegatingMethodAccessorImpl.java:43)
	at java.lang.reflect.Method.invoke(Method.java:606)
	at org.junit.runners.model.FrameworkMethod$1.runReflectiveCall(FrameworkMethod.java:47)
	at org.junit.internal.runners.model.ReflectiveCallable.run(ReflectiveCallable.java:12)
	at org.junit.runners.model.FrameworkMethod.invokeExplosively(FrameworkMethod.java:44)
	at org.junit.internal.runners.statements.InvokeMethod.evaluate(InvokeMethod.java:17)
	at org.junit.internal.runners.statements.RunBefores.evaluate(RunBefores.java:26)
	at org.springframework.test.context.junit4.statements.RunBeforeTestMethodCallbacks.evaluate(RunBeforeTestMethodCallbacks.java:74)
	at org.junit.internal.runners.statements.RunAfters.evaluate(RunAfters.java:27)
	at org.springframework.test.context.junit4.statements.RunAfterTestMethodCallbacks.evaluate(RunAfterTestMethodCallbacks.java:83)
	at org.springframework.test.context.junit4.statements.SpringRepeat.evaluate(SpringRepeat.java:72)
	at org.springframework.test.context.junit4.SpringJUnit4ClassRunner.runChild(SpringJUnit4ClassRunner.java:233)
	at org.springframework.test.context.junit4.SpringJUnit4ClassRunner.runChild(SpringJUnit4ClassRunner.java:87)
	at org.junit.runners.ParentRunner$3.run(ParentRunner.java:238)
	at org.junit.runners.ParentRunner$1.schedule(ParentRunner.java:63)
	at org.junit.runners.ParentRunner.runChildren(ParentRunner.java:236)
	at org.junit.runners.ParentRunner.access$000(ParentRunner.java:53)
	at org.junit.runners.ParentRunner$2.evaluate(ParentRunner.java:229)
	at org.junit.internal.runners.statements.RunBefores.evaluate(RunBefores.java:26)
	at org.springframework.test.context.junit4.statements.RunBeforeTestClassCallbacks.evaluate(RunBeforeTestClassCallbacks.java:61)
	at org.springframework.test.context.junit4.statements.RunAfterTestClassCallbacks.evaluate(RunAfterTestClassCallbacks.java:71)
	at org.junit.runners.ParentRunner.run(ParentRunner.java:309)
	at org.springframework.test.context.junit4.SpringJUnit4ClassRunner.run(SpringJUnit4ClassRunner.java:176)
	at org.gradle.api.internal.tasks.testing.junit.JUnitTestClassExecuter.runTestClass(JUnitTestClassExecuter.java:86)
	at org.gradle.api.internal.tasks.testing.junit.JUnitTestClassExecuter.execute(JUnitTestClassExecuter.java:49)
	at org.gradle.api.internal.tasks.testing.junit.JUnitTestClassProcessor.processTestClass(JUnitTestClassProcessor.java:64)
	at org.gradle.api.internal.tasks.testing.SuiteTestClassProcessor.processTestClass(SuiteTestClassProcessor.java:50)
	at sun.reflect.GeneratedMethodAccessor109.invoke(Unknown Source)
	at sun.reflect.DelegatingMethodAccessorImpl.invoke(DelegatingMethodAccessorImpl.java:43)
	at java.lang.reflect.Method.invoke(Method.java:606)
	at org.gradle.messaging.dispatch.ReflectionDispatch.dispatch(ReflectionDispatch.java:35)
	at org.gradle.messaging.dispatch.ReflectionDispatch.dispatch(ReflectionDispatch.java:24)
	at org.gradle.messaging.dispatch.ContextClassLoaderDispatch.dispatch(ContextClassLoaderDispatch.java:32)
	at org.gradle.messaging.dispatch.ProxyDispatchAdapter$DispatchingInvocationHandler.invoke(ProxyDispatchAdapter.java:93)
	at com.sun.proxy.$Proxy2.processTestClass(Unknown Source)
	at org.gradle.api.internal.tasks.testing.worker.TestWorker.processTestClass(TestWorker.java:106)
	at sun.reflect.GeneratedMethodAccessor108.invoke(Unknown Source)
	at sun.reflect.DelegatingMethodAccessorImpl.invoke(DelegatingMethodAccessorImpl.java:43)
	at java.lang.reflect.Method.invoke(Method.java:606)
	at org.gradle.messaging.dispatch.ReflectionDispatch.dispatch(ReflectionDispatch.java:35)
	at org.gradle.messaging.dispatch.ReflectionDispatch.dispatch(ReflectionDispatch.java:24)
	at org.gradle.messaging.remote.internal.hub.MessageHub$Handler.run(MessageHub.java:360)
	at org.gradle.internal.concurrent.DefaultExecutorFactory$StoppableExecutorImpl$1.run(DefaultExecutorFactory.java:64)
	at java.util.concurrent.ThreadPoolExecutor.runWorker(ThreadPoolExecutor.java:1145)
	at java.util.concurrent.ThreadPoolExecutor$Worker.run(ThreadPoolExecutor.java:615)
	at java.lang.Thread.run(Thread.java:745)
Timezone.timeZoneLabel size must be between 0 and 256
java.lang.SecurityException: Timezone.timeZoneLabel size must be between 0 and 256
	at com.athena.server.pluggable.utils.helper.EntityValidatorHelper.validateEntity(EntityValidatorHelper.java:37)
	at com.app.shared.organization.locationmanagement.Timezone.isValid(Timezone.java:193)
	at com.app.server.service.organization.locationmanagement.TimezoneTestCase.validateTimezone(TimezoneTestCase.java:183)
	at com.app.server.service.organization.locationmanagement.TimezoneTestCase.test5NegativeTesting(TimezoneTestCase.java:235)
	at sun.reflect.NativeMethodAccessorImpl.invoke0(Native Method)
	at sun.reflect.NativeMethodAccessorImpl.invoke(NativeMethodAccessorImpl.java:57)
	at sun.reflect.DelegatingMethodAccessorImpl.invoke(DelegatingMethodAccessorImpl.java:43)
	at java.lang.reflect.Method.invoke(Method.java:606)
	at org.junit.runners.model.FrameworkMethod$1.runReflectiveCall(FrameworkMethod.java:47)
	at org.junit.internal.runners.model.ReflectiveCallable.run(ReflectiveCallable.java:12)
	at org.junit.runners.model.FrameworkMethod.invokeExplosively(FrameworkMethod.java:44)
	at org.junit.internal.runners.statements.InvokeMethod.evaluate(InvokeMethod.java:17)
	at org.junit.internal.runners.statements.RunBefores.evaluate(RunBefores.java:26)
	at org.springframework.test.context.junit4.statements.RunBeforeTestMethodCallbacks.evaluate(RunBeforeTestMethodCallbacks.java:74)
	at org.junit.internal.runners.statements.RunAfters.evaluate(RunAfters.java:27)
	at org.springframework.test.context.junit4.statements.RunAfterTestMethodCallbacks.evaluate(RunAfterTestMethodCallbacks.java:83)
	at org.springframework.test.context.junit4.statements.SpringRepeat.evaluate(SpringRepeat.java:72)
	at org.springframework.test.context.junit4.SpringJUnit4ClassRunner.runChild(SpringJUnit4ClassRunner.java:233)
	at org.springframework.test.context.junit4.SpringJUnit4ClassRunner.runChild(SpringJUnit4ClassRunner.java:87)
	at org.junit.runners.ParentRunner$3.run(ParentRunner.java:238)
	at org.junit.runners.ParentRunner$1.schedule(ParentRunner.java:63)
	at org.junit.runners.ParentRunner.runChildren(ParentRunner.java:236)
	at org.junit.runners.ParentRunner.access$000(ParentRunner.java:53)
	at org.junit.runners.ParentRunner$2.evaluate(ParentRunner.java:229)
	at org.junit.internal.runners.statements.RunBefores.evaluate(RunBefores.java:26)
	at org.springframework.test.context.junit4.statements.RunBeforeTestClassCallbacks.evaluate(RunBeforeTestClassCallbacks.java:61)
	at org.springframework.test.context.junit4.statements.RunAfterTestClassCallbacks.evaluate(RunAfterTestClassCallbacks.java:71)
	at org.junit.runners.ParentRunner.run(ParentRunner.java:309)
	at org.springframework.test.context.junit4.SpringJUnit4ClassRunner.run(SpringJUnit4ClassRunner.java:176)
	at org.gradle.api.internal.tasks.testing.junit.JUnitTestClassExecuter.runTestClass(JUnitTestClassExecuter.java:86)
	at org.gradle.api.internal.tasks.testing.junit.JUnitTestClassExecuter.execute(JUnitTestClassExecuter.java:49)
	at org.gradle.api.internal.tasks.testing.junit.JUnitTestClassProcessor.processTestClass(JUnitTestClassProcessor.java:64)
	at org.gradle.api.internal.tasks.testing.SuiteTestClassProcessor.processTestClass(SuiteTestClassProcessor.java:50)
	at sun.reflect.GeneratedMethodAccessor109.invoke(Unknown Source)
	at sun.reflect.DelegatingMethodAccessorImpl.invoke(DelegatingMethodAccessorImpl.java:43)
	at java.lang.reflect.Method.invoke(Method.java:606)
	at org.gradle.messaging.dispatch.ReflectionDispatch.dispatch(ReflectionDispatch.java:35)
	at org.gradle.messaging.dispatch.ReflectionDispatch.dispatch(ReflectionDispatch.java:24)
	at org.gradle.messaging.dispatch.ContextClassLoaderDispatch.dispatch(ContextClassLoaderDispatch.java:32)
	at org.gradle.messaging.dispatch.ProxyDispatchAdapter$DispatchingInvocationHandler.invoke(ProxyDispatchAdapter.java:93)
	at com.sun.proxy.$Proxy2.processTestClass(Unknown Source)
	at org.gradle.api.internal.tasks.testing.worker.TestWorker.processTestClass(TestWorker.java:106)
	at sun.reflect.GeneratedMethodAccessor108.invoke(Unknown Source)
	at sun.reflect.DelegatingMethodAccessorImpl.invoke(DelegatingMethodAccessorImpl.java:43)
	at java.lang.reflect.Method.invoke(Method.java:606)
	at org.gradle.messaging.dispatch.ReflectionDispatch.dispatch(ReflectionDispatch.java:35)
	at org.gradle.messaging.dispatch.ReflectionDispatch.dispatch(ReflectionDispatch.java:24)
	at org.gradle.messaging.remote.internal.hub.MessageHub$Handler.run(MessageHub.java:360)
	at org.gradle.internal.concurrent.DefaultExecutorFactory$StoppableExecutorImpl$1.run(DefaultExecutorFactory.java:64)
	at java.util.concurrent.ThreadPoolExecutor.runWorker(ThreadPoolExecutor.java:1145)
	at java.util.concurrent.ThreadPoolExecutor$Worker.run(ThreadPoolExecutor.java:615)
	at java.lang.Thread.run(Thread.java:745)
Timezone.country size must be between 0 and 256
java.lang.SecurityException: Timezone.country size must be between 0 and 256
	at com.athena.server.pluggable.utils.helper.EntityValidatorHelper.validateEntity(EntityValidatorHelper.java:37)
	at com.app.shared.organization.locationmanagement.Timezone.isValid(Timezone.java:193)
	at com.app.server.service.organization.locationmanagement.TimezoneTestCase.validateTimezone(TimezoneTestCase.java:183)
	at com.app.server.service.organization.locationmanagement.TimezoneTestCase.test5NegativeTesting(TimezoneTestCase.java:240)
	at sun.reflect.NativeMethodAccessorImpl.invoke0(Native Method)
	at sun.reflect.NativeMethodAccessorImpl.invoke(NativeMethodAccessorImpl.java:57)
	at sun.reflect.DelegatingMethodAccessorImpl.invoke(DelegatingMethodAccessorImpl.java:43)
	at java.lang.reflect.Method.invoke(Method.java:606)
	at org.junit.runners.model.FrameworkMethod$1.runReflectiveCall(FrameworkMethod.java:47)
	at org.junit.internal.runners.model.ReflectiveCallable.run(ReflectiveCallable.java:12)
	at org.junit.runners.model.FrameworkMethod.invokeExplosively(FrameworkMethod.java:44)
	at org.junit.internal.runners.statements.InvokeMethod.evaluate(InvokeMethod.java:17)
	at org.junit.internal.runners.statements.RunBefores.evaluate(RunBefores.java:26)
	at org.springframework.test.context.junit4.statements.RunBeforeTestMethodCallbacks.evaluate(RunBeforeTestMethodCallbacks.java:74)
	at org.junit.internal.runners.statements.RunAfters.evaluate(RunAfters.java:27)
	at org.springframework.test.context.junit4.statements.RunAfterTestMethodCallbacks.evaluate(RunAfterTestMethodCallbacks.java:83)
	at org.springframework.test.context.junit4.statements.SpringRepeat.evaluate(SpringRepeat.java:72)
	at org.springframework.test.context.junit4.SpringJUnit4ClassRunner.runChild(SpringJUnit4ClassRunner.java:233)
	at org.springframework.test.context.junit4.SpringJUnit4ClassRunner.runChild(SpringJUnit4ClassRunner.java:87)
	at org.junit.runners.ParentRunner$3.run(ParentRunner.java:238)
	at org.junit.runners.ParentRunner$1.schedule(ParentRunner.java:63)
	at org.junit.runners.ParentRunner.runChildren(ParentRunner.java:236)
	at org.junit.runners.ParentRunner.access$000(ParentRunner.java:53)
	at org.junit.runners.ParentRunner$2.evaluate(ParentRunner.java:229)
	at org.junit.internal.runners.statements.RunBefores.evaluate(RunBefores.java:26)
	at org.springframework.test.context.junit4.statements.RunBeforeTestClassCallbacks.evaluate(RunBeforeTestClassCallbacks.java:61)
	at org.springframework.test.context.junit4.statements.RunAfterTestClassCallbacks.evaluate(RunAfterTestClassCallbacks.java:71)
	at org.junit.runners.ParentRunner.run(ParentRunner.java:309)
	at org.springframework.test.context.junit4.SpringJUnit4ClassRunner.run(SpringJUnit4ClassRunner.java:176)
	at org.gradle.api.internal.tasks.testing.junit.JUnitTestClassExecuter.runTestClass(JUnitTestClassExecuter.java:86)
	at org.gradle.api.internal.tasks.testing.junit.JUnitTestClassExecuter.execute(JUnitTestClassExecuter.java:49)
	at org.gradle.api.internal.tasks.testing.junit.JUnitTestClassProcessor.processTestClass(JUnitTestClassProcessor.java:64)
	at org.gradle.api.internal.tasks.testing.SuiteTestClassProcessor.processTestClass(SuiteTestClassProcessor.java:50)
	at sun.reflect.GeneratedMethodAccessor109.invoke(Unknown Source)
	at sun.reflect.DelegatingMethodAccessorImpl.invoke(DelegatingMethodAccessorImpl.java:43)
	at java.lang.reflect.Method.invoke(Method.java:606)
	at org.gradle.messaging.dispatch.ReflectionDispatch.dispatch(ReflectionDispatch.java:35)
	at org.gradle.messaging.dispatch.ReflectionDispatch.dispatch(ReflectionDispatch.java:24)
	at org.gradle.messaging.dispatch.ContextClassLoaderDispatch.dispatch(ContextClassLoaderDispatch.java:32)
	at org.gradle.messaging.dispatch.ProxyDispatchAdapter$DispatchingInvocationHandler.invoke(ProxyDispatchAdapter.java:93)
	at com.sun.proxy.$Proxy2.processTestClass(Unknown Source)
	at org.gradle.api.internal.tasks.testing.worker.TestWorker.processTestClass(TestWorker.java:106)
	at sun.reflect.GeneratedMethodAccessor108.invoke(Unknown Source)
	at sun.reflect.DelegatingMethodAccessorImpl.invoke(DelegatingMethodAccessorImpl.java:43)
	at java.lang.reflect.Method.invoke(Method.java:606)
	at org.gradle.messaging.dispatch.ReflectionDispatch.dispatch(ReflectionDispatch.java:35)
	at org.gradle.messaging.dispatch.ReflectionDispatch.dispatch(ReflectionDispatch.java:24)
	at org.gradle.messaging.remote.internal.hub.MessageHub$Handler.run(MessageHub.java:360)
	at org.gradle.internal.concurrent.DefaultExecutorFactory$StoppableExecutorImpl$1.run(DefaultExecutorFactory.java:64)
	at java.util.concurrent.ThreadPoolExecutor.runWorker(ThreadPoolExecutor.java:1145)
	at java.util.concurrent.ThreadPoolExecutor$Worker.run(ThreadPoolExecutor.java:615)
	at java.lang.Thread.run(Thread.java:745)
Timezone.cities size must be between 0 and 256
java.lang.SecurityException: Timezone.cities size must be between 0 and 256
	at com.athena.server.pluggable.utils.helper.EntityValidatorHelper.validateEntity(EntityValidatorHelper.java:37)
	at com.app.shared.organization.locationmanagement.Timezone.isValid(Timezone.java:193)
	at com.app.server.service.organization.locationmanagement.TimezoneTestCase.validateTimezone(TimezoneTestCase.java:183)
	at com.app.server.service.organization.locationmanagement.TimezoneTestCase.test5NegativeTesting(TimezoneTestCase.java:245)
	at sun.reflect.NativeMethodAccessorImpl.invoke0(Native Method)
	at sun.reflect.NativeMethodAccessorImpl.invoke(NativeMethodAccessorImpl.java:57)
	at sun.reflect.DelegatingMethodAccessorImpl.invoke(DelegatingMethodAccessorImpl.java:43)
	at java.lang.reflect.Method.invoke(Method.java:606)
	at org.junit.runners.model.FrameworkMethod$1.runReflectiveCall(FrameworkMethod.java:47)
	at org.junit.internal.runners.model.ReflectiveCallable.run(ReflectiveCallable.java:12)
	at org.junit.runners.model.FrameworkMethod.invokeExplosively(FrameworkMethod.java:44)
	at org.junit.internal.runners.statements.InvokeMethod.evaluate(InvokeMethod.java:17)
	at org.junit.internal.runners.statements.RunBefores.evaluate(RunBefores.java:26)
	at org.springframework.test.context.junit4.statements.RunBeforeTestMethodCallbacks.evaluate(RunBeforeTestMethodCallbacks.java:74)
	at org.junit.internal.runners.statements.RunAfters.evaluate(RunAfters.java:27)
	at org.springframework.test.context.junit4.statements.RunAfterTestMethodCallbacks.evaluate(RunAfterTestMethodCallbacks.java:83)
	at org.springframework.test.context.junit4.statements.SpringRepeat.evaluate(SpringRepeat.java:72)
	at org.springframework.test.context.junit4.SpringJUnit4ClassRunner.runChild(SpringJUnit4ClassRunner.java:233)
	at org.springframework.test.context.junit4.SpringJUnit4ClassRunner.runChild(SpringJUnit4ClassRunner.java:87)
	at org.junit.runners.ParentRunner$3.run(ParentRunner.java:238)
	at org.junit.runners.ParentRunner$1.schedule(ParentRunner.java:63)
	at org.junit.runners.ParentRunner.runChildren(ParentRunner.java:236)
	at org.junit.runners.ParentRunner.access$000(ParentRunner.java:53)
	at org.junit.runners.ParentRunner$2.evaluate(ParentRunner.java:229)
	at org.junit.internal.runners.statements.RunBefores.evaluate(RunBefores.java:26)
	at org.springframework.test.context.junit4.statements.RunBeforeTestClassCallbacks.evaluate(RunBeforeTestClassCallbacks.java:61)
	at org.springframework.test.context.junit4.statements.RunAfterTestClassCallbacks.evaluate(RunAfterTestClassCallbacks.java:71)
	at org.junit.runners.ParentRunner.run(ParentRunner.java:309)
	at org.springframework.test.context.junit4.SpringJUnit4ClassRunner.run(SpringJUnit4ClassRunner.java:176)
	at org.gradle.api.internal.tasks.testing.junit.JUnitTestClassExecuter.runTestClass(JUnitTestClassExecuter.java:86)
	at org.gradle.api.internal.tasks.testing.junit.JUnitTestClassExecuter.execute(JUnitTestClassExecuter.java:49)
	at org.gradle.api.internal.tasks.testing.junit.JUnitTestClassProcessor.processTestClass(JUnitTestClassProcessor.java:64)
	at org.gradle.api.internal.tasks.testing.SuiteTestClassProcessor.processTestClass(SuiteTestClassProcessor.java:50)
	at sun.reflect.GeneratedMethodAccessor109.invoke(Unknown Source)
	at sun.reflect.DelegatingMethodAccessorImpl.invoke(DelegatingMethodAccessorImpl.java:43)
	at java.lang.reflect.Method.invoke(Method.java:606)
	at org.gradle.messaging.dispatch.ReflectionDispatch.dispatch(ReflectionDispatch.java:35)
	at org.gradle.messaging.dispatch.ReflectionDispatch.dispatch(ReflectionDispatch.java:24)
	at org.gradle.messaging.dispatch.ContextClassLoaderDispatch.dispatch(ContextClassLoaderDispatch.java:32)
	at org.gradle.messaging.dispatch.ProxyDispatchAdapter$DispatchingInvocationHandler.invoke(ProxyDispatchAdapter.java:93)
	at com.sun.proxy.$Proxy2.processTestClass(Unknown Source)
	at org.gradle.api.internal.tasks.testing.worker.TestWorker.processTestClass(TestWorker.java:106)
	at sun.reflect.GeneratedMethodAccessor108.invoke(Unknown Source)
	at sun.reflect.DelegatingMethodAccessorImpl.invoke(DelegatingMethodAccessorImpl.java:43)
	at java.lang.reflect.Method.invoke(Method.java:606)
	at org.gradle.messaging.dispatch.ReflectionDispatch.dispatch(ReflectionDispatch.java:35)
	at org.gradle.messaging.dispatch.ReflectionDispatch.dispatch(ReflectionDispatch.java:24)
	at org.gradle.messaging.remote.internal.hub.MessageHub$Handler.run(MessageHub.java:360)
	at org.gradle.internal.concurrent.DefaultExecutorFactory$StoppableExecutorImpl$1.run(DefaultExecutorFactory.java:64)
	at java.util.concurrent.ThreadPoolExecutor.runWorker(ThreadPoolExecutor.java:1145)
	at java.util.concurrent.ThreadPoolExecutor$Worker.run(ThreadPoolExecutor.java:615)
	at java.lang.Thread.run(Thread.java:745)
]]></system-err>
</testsuite>
